FULL RAW DATA (first 10 rows, 30 columns):
Row 1:
  Col 0: D29HYLL
  Col 1: IBM Maximo Application Suite per AppPoint from Eligible Programs Trade Up Licence + SW Subscription & Support 12 Months
  Col 2: 315
  Col 3: 19-Dec-2025
  Col 4: 31-Dec-2026
  Col 5: 94396.05
  Col 6: 
  Col 7: 
  Col 8: 
  Col 9: 
  Col 10: 
  Col 11: 
  Col 12: 
  Col 13: 
  Col 14: 
  Col 15: 
  Col 16: 
  Col 17: 
  Col 18: 
  Col 19: 
  Col 20: 
  Col 21: 
  Col 22: 
  Col 23: 
  Col 24: 
  Col 25: 
  Col 26: 
  Col 27: 
  Col 28: 
  Col 29: 
Row 2:
  Col 0: E0R1HLL
  Col 1: IBM Maximo Application Suite per AppPoint Annual SW Subscription & Support Renewal
  Col 2: 315
  Col 3: 01-Jan-2027
  Col 4: 31-Dec-2027
  Col 5: 73445.4
  Col 6: 
  Col 7: 
  Col 8: 
  Col 9: 
  Col 10: 
  Col 11: 
  Col 12: 
  Col 13: 
  Col 14: 
  Col 15: 
  Col 16: 
  Col 17: 
  Col 18: 
  Col 19: 
  Col 20: 
  Col 21: 
  Col 22: 
  Col 23: 
  Col 24: 
  Col 25: 
  Col 26: 
  Col 27: 
  Col 28: 
  Col 29: 
Row 3:
  Col 0: E0R1HLL
  Col 1: IBM Maximo Application Suite per AppPoint Annual SW Subscription & Support Renewal
  Col 2: 315
  Col 3: 01-Jan-2028
  Col 4: 31-Dec-2028
  Col 5: 38559.15
  Col 6: 
  Col 7: 
  Col 8: 
  Col 9: 
  Col 10: 
  Col 11: 
  Col 12: 
  Col 13: 
  Col 14: 
  Col 15: 
  Col 16: 
  Col 17: 
  Col 18: 
  Col 19: 
  Col 20: 
  Col 21: 
  Col 22: 
  Col 23: 
  Col 24: 
  Col 25: 
  Col 26: 
  Col 27: 
  Col 28: 
  Col 29: 
Row 4:
  Col 0: D0GL1ZX
  Col 1: IBM Maximo IT per AppPoint from Eligible Programs Trade Up Licence + SW Subscription & Support 12 Months
  Col 2: 280
  Col 3: 19-Dec-2025
  Col 4: 31-Dec-2026
  Col 5: 27056.4
  Col 6: 
  Col 7: 
  Col 8: 
  Col 9: 
  Col 10: 
  Col 11: 
  Col 12: 
  Col 13: 
  Col 14: 
  Col 15: 
  Col 16: 
  Col 17: 
  Col 18: 
  Col 19: 
  Col 20: 
  Col 21: 
  Col 22: 
  Col 23: 
  Col 24: 
  Col 25: 
  Col 26: 
  Col 27: 
  Col 28: 
  Col 29: 
Row 5:
  Col 0: E0GKGZX
  Col 1: IBM Maximo IT per AppPoint Annual SW Subscription & Support Renewal
  Col 2: 280
  Col 3: 01-Jan-2027
  Col 4: 31-Dec-2027
  Col 5: 21053.2
  Col 6: 
  Col 7: 
  Col 8: 
  Col 9: 
  Col 10: 
  Col 11: 
  Col 12: 
  Col 13: 
  Col 14: 
  Col 15: 
  Col 16: 
  Col 17: 
  Col 18: 
  Col 19: 
  Col 20: 
  Col 21: 
  Col 22: 
  Col 23: 
  Col 24: 
  Col 25: 
  Col 26: 
  Col 27: 
  Col 28: 
  Col 29: 
Row 6:
  Col 0: E0GKGZX
  Col 1: IBM Maximo IT per AppPoint Annual SW Subscription & Support Renewal
  Col 2: 280
  Col 3: 01-Jan-2028
  Col 4: 31-Dec-2028
  Col 5: 11054.4
  Col 6: 
  Col 7: 
  Col 8: 
  Col 9: 
  Col 10: 
  Col 11: 
  Col 12: 
  Col 13: 
  Col 14: 
  Col 15: 
  Col 16: 
  Col 17: 
  Col 18: 
  Col 19: 
  Col 20: 
  Col 21: 
  Col 22: 
  Col 23: 
  Col 24: 
  Col 25: 
  Col 26: 
  Col 27: 
  Col 28: 
  Col 29: 
