Line 0: '1'
Line 1: 'Y0Z7GZX'
Line 2: 'ICNV Sustained Suppo'
Line 3: '31-Dec-2025'
Line 4: '31-Dec-2026'
Line 5: '           8'
Line 6: '   21.400,00'
Line 7: '  171.200,00'
Line 8: ' 98,290'
Line 9: '364,99'
Line 10: '2.919,95'
Line 11: 'rt 12 Mo'
Line 12: 'Current Transaction'
Line 13: 'Channel Margin: 3,000%'
Line 14: 'IBM Opportunity Number:'
Line 15: '006gR000000HaH8QAK'
Line 16: 'Bid Request Information'
Line 17: 'Bid Number:'
Line 18: '21600806'
Line 19: 'Bid Effective Date:'
Line 20: '27-Nov-2025'
Line 21: 'Bid Expiration Date:'
Line 22: '31-Dec-2025'
Line 23: 'Date Bid Sent:'
Line 24: '27-Nov-2025'
Line 25: 'Distributor Name:'
Line 26: 'Mindware FZ-LLC (av1xh) / UAE'
Line 27: 'Distributor SAP ID:'
Line 28: '4230767'
Line 29: 'Reseller Name:'
Line 30: 'Palmira Software House LLC'
Line 31: 'Reseller ID:'
Line 32: '4370554'
Line 33: 'IBM Opportunity Owner:'
Line 34: 'Ipsita Chatterjee'
Line 35: 'Prorate'
Line 36: '#'
Line 37: 'Part Number'
Line 38: 'Description'
Line 39: 'Unit Points Ext Points'
Line 40: 'Coverage'
Line 41: 'Coverage'
Line 42: 'Month/'
Line 43: 'Qty'
Line 44: 'Entitled'
Line 45: 'Entitled'
Line 46: 'Disc %'
Line 47: 'Bid'
Line 48: 'Bid'
Line 49: 'Rnwl quote'
Line 50: 'IBM S&S-'
Line 51: 'Start'
Line 52: 'End'
Line 53: 'Week'
Line 54: 'Unit SVP'
Line 55: 'Ext SVP'
Line 56: 'Unit SVP'
Line 57: 'Ext SVP'
Line 58: '#'
Line 59: 'Rnw Qty'
Line 60: 'Customer Information'
Line 61: 'Customer Name:'
Line 62: 'National Bank of Fujairah PJSC'
Line 63: 'Address:'
Line 64: 'Hamad Bin Abdullah Street,'
Line 65: 'City:'
Line 66: 'Fujairah'
Line 67: 'State:'
Line 68: 'Postal/ZIP Code:'
Line 69: 'Country:'
Line 70: 'AE'
Line 71: 'Customer Set Designation:'
Line 72: 'Select Territory:'
Line 73: 'Yes'
Line 74: 'Government Entity (GOE):'
Line 75: 'Yes'
Line 76: 'Page 1 of    7'
Line 77: 'IBM Ireland Product Distribution Limited'
Line 78: 'IBM Ireland Product Distribution Limited, Building 3, IBM Technology Campus, Damastown Industrial Park,'
Line 79: 'Mulhuddart, Dublin 15, D15 HN66, Ireland'
Line 80: 'VAT: Reg. No. IE4693255O'
Line 81: 'PA Agreement Number:'
Line 82: 'PA Site Number:'
Line 83: '4392180'
Line 84: 'Current PA Price Level SVP:'
Line 85: 'A'
Line 86: 'PA Anniversary Date:'
Line 87: 'MEP (Maximum End User Price):'
Line 88: 'Yes'
Line 89: 'Parts Information'
Line 90: '2'
Line 91: 'Y0Z74ZX'
Line 92: 'ICVPC Sustained Supp'
Line 93: '31-Dec-2025'
Line 94: '31-Dec-2026'
Line 95: '           8'
Line 96: '   42.800,00'
Line 97: '  342.400,00'
Line 98: ' 98,298'
Line 99: '728,46'
Line 100: '5.827,68'
Line 101: 'ort 12 Mo'
Line 102: 'Current Transaction'
Line 103: 'Channel Margin: 3,000%'
Line 104: 'IBM Opportunity Number:'
Line 105: '006gR000000HaH8QAK'
Line 106: '3'
Line 107: 'D0WE3ZX'
Line 108: 'IwBRNP ACQ TRDUP LIC'
Line 109: '31-Dec-2025'
Line 110: '31-Dec-2026'
Line 111: '           8'
Line 112: '   20.437,00'
Line 113: '  163.496,00'
Line 114: ' 98,298'
Line 115: '347,84'
Line 116: '2.782,72'
Line 117: ' + SW S&S 12 MO'
Line 118: 'Current Transaction'
Line 119: 'Channel Margin: 8,000%'
Line 120: 'IBM Opportunity Number:'
Line 121: '006gR000000HaH8QAK'
Line 122: '4'
Line 123: 'D0WE2ZX'
Line 124: 'IwBRVT ACQ TRDUP LIC'
Line 125: '31-Dec-2025'
Line 126: '31-Dec-2026'
Line 127: '           8'
Line 128: '   40.874,00'
Line 129: '  326.992,00'
Line 130: ' 98,298'
Line 131: '695,68'
Line 132: '5.565,44'
Line 133: ' + SW S&S 12 MO'
Line 134: 'Current Transaction'
Line 135: 'Channel Margin: 8,000%'
Line 136: 'IBM Opportunity Number:'
Line 137: '006gR000000HaH8QAK'
Line 138: '5'
Line 139: 'D0WE1ZX'
Line 140: 'IwBOPN ACQ TRDUP LIC'
Line 141: '31-Dec-2025'
Line 142: '31-Dec-2026'
Line 143: '           8'
Line 144: '   24.610,00'
Line 145: '  196.880,00'
Line 146: ' 98,298'
Line 147: '418,86'
Line 148: '3.350,88'
Line 149: ' + SW S&S 12 MO'
Line 150: 'Current Transaction'
Line 151: 'Channel Margin: 8,000%'
Line 152: 'IBM Opportunity Number:'
Line 153: '006gR000000HaH8QAK'
Line 154: '6'
Line 155: 'D0WE0ZX'
Line 156: 'IwBOPV ACQ TRDUP LIC'
Line 157: '31-Dec-2025'
Line 158: '31-Dec-2026'
Line 159: '           8'
Line 160: '   49.220,00'
Line 161: '  393.760,00'
Line 162: ' 98,298'
Line 163: '837,72'
Line 164: '6.701,76'
Line 165: ' + SW S&S 12 MO'
Line 166: 'Current Transaction'
Line 167: 'Channel Margin: 8,000%'
Line 168: 'IBM Opportunity Number:'
Line 169: '006gR000000HaH8QAK'
Line 170: 'Page 2 of    7'
Line 171: 'IBM Ireland Product Distribution Limited'
Line 172: 'IBM Ireland Product Distribution Limited, Building 3, IBM Technology Campus, Damastown Industrial Park,'
Line 173: 'Mulhuddart, Dublin 15, D15 HN66, Ireland'
Line 174: 'VAT: Reg. No. IE4693255O'
Line 175: '7'
Line 176: 'D0RKBZX'
Line 177: 'IwDPVT ACQ TRDUP LIC'
Line 178: '31-Dec-2025'
Line 179: '31-Dec-2026'
Line 180: '          12'
Line 181: '   18.725,00'
Line 182: '  224.700,00'
Line 183: ' 98,298'
Line 184: '318,70'
Line 185: '3.824,40'
Line 186: ' + SW S&S 12 MO'
Line 187: 'Current Transaction'
Line 188: 'Channel Margin: 8,000%'
Line 189: 'IBM Opportunity Number:'
Line 190: '006gR000000HaH8QAK'
Line 191: '8'
Line 192: 'D0RKEZX'
Line 193: 'IwMNPI ACQ TRDUP LIC'
Line 194: '31-Dec-2025'
Line 195: '31-Dec-2026'
Line 196: '           8'
Line 197: '    3.135,00'
Line 198: '   25.080,00'
Line 199: ' 98,298'
Line 200: '53,36'
Line 201: '426,88'
Line 202: ' + SW S&S 12 MO'
Line 203: 'Current Transaction'
Line 204: 'Channel Margin: 8,000%'
Line 205: 'IBM Opportunity Number:'
Line 206: '006gR000000HaH8QAK'
Line 207: '9'
Line 208: 'D0RKDZX'
Line 209: 'IwMITU ACQ TRDUP LIC'
Line 210: '31-Dec-2025'
Line 211: '31-Dec-2026'
Line 212: '           8'
Line 213: '    6.281,00'
Line 214: '   50.248,00'
Line 215: ' 98,298'
Line 216: '106,90'
Line 217: '855,20'
Line 218: ' + SW S&S 12 MO'
Line 219: 'Current Transaction'
Line 220: 'Channel Margin: 8,000%'
Line 221: 'IBM Opportunity Number:'
Line 222: '006gR000000HaH8QAK'
Line 223: '10'
Line 224: 'D0RKCZX'
Line 225: 'IwDPNP ACQ TRDUP LIC'
Line 226: '31-Dec-2025'
Line 227: '31-Dec-2026'
Line 228: '          12'
Line 229: '    9.352,00'
Line 230: '  112.224,00'
Line 231: ' 98,298'
Line 232: '159,17'
Line 233: '1.910,04'
Line 234: ' + SW S&S 12 MO'
Line 235: 'Current Transaction'
Line 236: 'Channel Margin: 8,000%'
Line 237: 'IBM Opportunity Number:'
Line 238: '006gR000000HaH8QAK'
Line 239: '11'
Line 240: 'D0RKAZX'
Line 241: 'IwAGNP ACQ TRDUP LIC'
Line 242: '31-Dec-2025'
Line 243: '31-Dec-2026'
Line 244: '          10'
Line 245: '   19.474,00'
Line 246: '  194.740,00'
Line 247: ' 98,298'
Line 248: '331,45'
Line 249: '3.314,50'
Line 250: ' + SW S&S 12 MO'
Line 251: 'Current Transaction'
Line 252: 'Channel Margin: 8,000%'
Line 253: 'IBM Opportunity Number:'
Line 254: '006gR000000HaH8QAK'
Line 255: 'Page 3 of    7'
Line 256: 'IBM Ireland Product Distribution Limited'
Line 257: 'IBM Ireland Product Distribution Limited, Building 3, IBM Technology Campus, Damastown Industrial Park,'
Line 258: 'Mulhuddart, Dublin 15, D15 HN66, Ireland'
Line 259: 'VAT: Reg. No. IE4693255O'
Line 260: '12'
Line 261: 'D0RK9ZX'
Line 262: 'IwAGVT ACQ TRDUP LIC'
Line 263: '31-Dec-2025'
Line 264: '31-Dec-2026'
Line 265: '          10'
Line 266: '   38.948,00'
Line 267: '  389.480,00'
Line 268: ' 98,298'
Line 269: '662,89'
Line 270: '6.628,90'
Line 271: ' + SW S&S 12 MO'
Line 272: 'Current Transaction'
Line 273: 'Channel Margin: 8,000%'
Line 274: 'IBM Opportunity Number:'
Line 275: '006gR000000HaH8QAK'
Line 276: '13'
Line 277: 'D0YGEZX'
Line 278: 'IwBRVT ACQ TRDUP LIC'
Line 279: '31-Dec-2025'
Line 280: '31-Dec-2026'
Line 281: '           8'
Line 282: '   26.964,00'
Line 283: '  215.712,00'
Line 284: ' 98,298'
Line 285: '458,93'
Line 286: '3.671,44'
Line 287: ' + SW S&S 12 MO'
Line 288: 'Current Transaction'
Line 289: 'Channel Margin: 8,000%'
Line 290: 'IBM Opportunity Number:'
Line 291: '006gR000000HaH8QAK'
Line 292: '14'
Line 293: 'D0Z07ZX'
Line 294: 'IwOINP ACQ TRDUP LIC'
Line 295: '31-Dec-2025'
Line 296: '31-Dec-2026'
Line 297: '           8'
Line 298: '   14.980,00'
Line 299: '  119.840,00'
Line 300: ' 98,298'
Line 301: '254,96'
Line 302: '2.039,68'
Line 303: ' + SW S&S 12 MO'
Line 304: 'Current Transaction'
Line 305: 'Channel Margin: 8,000%'
Line 306: 'IBM Opportunity Number:'
Line 307: '006gR000000HaH8QAK'
Line 308: '15'
Line 309: 'D0YZPZX'
Line 310: 'IwOIVT ACQ TRDUP LIC'
Line 311: '31-Dec-2025'
Line 312: '31-Dec-2026'
Line 313: '           8'
Line 314: '   29.960,00'
Line 315: '  239.680,00'
Line 316: ' 98,298'
Line 317: '509,92'
Line 318: '4.079,36'
Line 319: ' + SW S&S 12 MO'
Line 320: 'Current Transaction'
Line 321: 'Channel Margin: 8,000%'
Line 322: 'IBM Opportunity Number:'
Line 323: '006gR000000HaH8QAK'
Line 324: '16'
Line 325: 'D0RPVZX'
Line 326: 'IwUMNP ACQ TRDUP LIC'
Line 327: '31-Dec-2025'
Line 328: '31-Dec-2026'
Line 329: '           8'
Line 330: '   23.968,00'
Line 331: '  191.744,00'
Line 332: ' 98,298'
Line 333: '407,94'
Line 334: '3.263,52'
Line 335: ' + SW S&S 12 MO'
Line 336: 'Current Transaction'
Line 337: 'Channel Margin: 8,000%'
Line 338: 'IBM Opportunity Number:'
Line 339: '006gR000000HaH8QAK'
Line 340: 'Page 4 of    7'
Line 341: 'IBM Ireland Product Distribution Limited'
Line 342: 'IBM Ireland Product Distribution Limited, Building 3, IBM Technology Campus, Damastown Industrial Park,'
Line 343: 'Mulhuddart, Dublin 15, D15 HN66, Ireland'
Line 344: 'VAT: Reg. No. IE4693255O'
Line 345: '17'
Line 346: 'D0RPUZX'
Line 347: 'IwUMVT ACQ TRDUP LIC'
Line 348: '31-Dec-2025'
Line 349: '31-Dec-2026'
Line 350: '           8'
Line 351: '   48.043,00'
Line 352: '  384.344,00'
Line 353: ' 98,298'
Line 354: '817,69'
Line 355: '6.541,52'
Line 356: ' + SW S&S 12 MO'
Line 357: 'Current Transaction'
Line 358: 'Channel Margin: 8,000%'
Line 359: 'IBM Opportunity Number:'
Line 360: '006gR000000HaH8QAK'
Line 361: '18'
Line 362: 'D0RPTZX'
Line 363: 'IwMRNP ACQ TRDUP LIC'
Line 364: '31-Dec-2025'
Line 365: '31-Dec-2026'
Line 366: '           8'
Line 367: '   38.413,00'
Line 368: '  307.304,00'
Line 369: ' 98,298'
Line 370: '653,79'
Line 371: '5.230,32'
Line 372: ' + SW S&S 12 MO'
Line 373: 'Current Transaction'
Line 374: 'Channel Margin: 8,000%'
Line 375: 'IBM Opportunity Number:'
Line 376: '006gR000000HaH8QAK'
Line 377: '19'
Line 378: 'D0RPQZX'
Line 379: 'IwISNP ACQ TRDUP LIC'
Line 380: '31-Dec-2025'
Line 381: '31-Dec-2026'
Line 382: '           8'
Line 383: '   31.993,00'
Line 384: '  255.944,00'
Line 385: ' 98,298'
Line 386: '544,52'
Line 387: '4.356,16'
Line 388: ' + SW S&S 12 MO'
Line 389: 'Current Transaction'
Line 390: 'Channel Margin: 8,000%'
Line 391: 'IBM Opportunity Number:'
Line 392: '006gR000000HaH8QAK'
Line 393: '20'
Line 394: 'D0RPPZX'
Line 395: 'IwISVT ACQ TRDUP LIC'
Line 396: '31-Dec-2025'
Line 397: '31-Dec-2026'
Line 398: '           8'
Line 399: '   63.986,00'
Line 400: '  511.888,00'
Line 401: ' 98,298'
Line 402: '1.089,04'
Line 403: '8.712,32'
Line 404: ' + SW S&S 12 MO'
Line 405: 'Current Transaction'
Line 406: 'Channel Margin: 8,000%'
Line 407: 'IBM Opportunity Number:'
Line 408: '006gR000000HaH8QAK'
Line 409: '21'
Line 410: 'D0RPMZX'
Line 411: 'IwCARI ACQ TRDUP LIC'
Line 412: '31-Dec-2025'
Line 413: '31-Dec-2026'
Line 414: '           8'
Line 415: '   31.779,00'
Line 416: '  254.232,00'
Line 417: ' 98,298'
Line 418: '540,88'
Line 419: '4.327,04'
Line 420: ' + SW S&S 12 MO'
Line 421: 'Current Transaction'
Line 422: 'Channel Margin: 8,000%'
Line 423: 'IBM Opportunity Number:'
Line 424: '006gR000000HaH8QAK'
Line 425: 'Page 5 of    7'
Line 426: 'IBM Ireland Product Distribution Limited'
Line 427: 'IBM Ireland Product Distribution Limited, Building 3, IBM Technology Campus, Damastown Industrial Park,'
Line 428: 'Mulhuddart, Dublin 15, D15 HN66, Ireland'
Line 429: 'VAT: Reg. No. IE4693255O'
Line 430: '22'
Line 431: 'D0RPJZX'
Line 432: 'IwMRVT ACQ TRDUP LIC'
Line 433: '31-Dec-2025'
Line 434: '31-Dec-2026'
Line 435: '           8'
Line 436: '   76.826,00'
Line 437: '  614.608,00'
Line 438: ' 98,298'
Line 439: '1.307,58'
Line 440: '10.460,64'
Line 441: ' + SW S&S 12 MO'
Line 442: 'Current Transaction'
Line 443: 'Channel Margin: 8,000%'
Line 444: 'IBM Opportunity Number:'
Line 445: '006gR000000HaH8QAK'
Line 446: '23'
Line 447: 'D0RPQZX'
Line 448: 'IwISNP ACQ TRDUP LIC'
Line 449: '31-Dec-2025'
Line 450: '31-Dec-2026'
Line 451: '           8'
Line 452: '   31.993,00'
Line 453: '  255.944,00'
Line 454: ' 98,298'
Line 455: '544,52'
Line 456: '4.356,16'
Line 457: ' + SW S&S 12 MO'
Line 458: 'Current Transaction'
Line 459: 'Channel Margin: 8,000%'
Line 460: 'IBM Opportunity Number:'
Line 461: '006gR000000HaH8QAK'
Line 462: '24'
Line 463: 'D0RPNZX'
Line 464: 'IwCARN ACQ TRDUP LIC'
Line 465: '31-Dec-2025'
Line 466: '31-Dec-2026'
Line 467: '           8'
Line 468: '   15.836,00'
Line 469: '  126.688,00'
Line 470: ' 98,298'
Line 471: '269,53'
Line 472: '2.156,24'
Line 473: ' + SW S&S 12 MO'
Line 474: 'Current Transaction'
Line 475: 'Channel Margin: 8,000%'
Line 476: 'IBM Opportunity Number:'
Line 477: '006gR000000HaH8QAK'
Line 478: '25'
Line 479: 'D0YGFZX'
Line 480: 'IwBRNP ACQ TRDUP LIC'
Line 481: '31-Dec-2025'
Line 482: '31-Dec-2026'
Line 483: '           2'
Line 484: '   13.482,00'
Line 485: '   26.964,00'
Line 486: ' 98,298'
Line 487: '229,46'
Line 488: '458,92'
Line 489: ' + SW S&S 12 MO'
Line 490: 'Current Transaction'
Line 491: 'Channel Margin: 8,000%'
Line 492: 'IBM Opportunity Number:'
Line 493: '006gR000000HaH8QAK'
Line 494: '26'
Line 495: 'D0YGEZX'
Line 496: 'IwBRVT ACQ TRDUP LIC'
Line 497: '31-Dec-2025'
Line 498: '31-Dec-2026'
Line 499: '           2'
Line 500: '   26.964,00'
Line 501: '   53.928,00'
Line 502: ' 98,320'
Line 503: '452,82'
Line 504: '905,64'
Line 505: ' + SW S&S 12 MO'
Line 506: 'Current Transaction'
Line 507: 'Channel Margin: 8,000%'
Line 508: 'IBM Opportunity Number:'
Line 509: '006gR000000HaH8QAK'
Line 510: '  6.150.020,00'
Line 511: '    104.667,31'
Line 512: 'Page 6 of    7'
Line 513: 'IBM Ireland Product Distribution Limited'
Line 514: 'IBM Ireland Product Distribution Limited, Building 3, IBM Technology Campus, Damastown Industrial Park,'
Line 515: 'Mulhuddart, Dublin 15, D15 HN66, Ireland'
Line 516: 'VAT: Reg. No. IE4693255O'
Line 517: 'Current Transaction'
Line 518: 'Maximum End User Price (MEP):'
Line 519: '          104.667,31'
Line 520: 'USD'
Line 521: 'Total Special Bid Revenue Opportunity:'
Line 522: '       104.667,31'
Line 523: 'USD'
Line 524: 'Total Special Bid Partner Price:'
Line 525: '        96.731,31'
Line 526: 'USD'
Line 527: 'The distributor discount will be applied to the Total Special Bid Revenue Opportunity.'
Line 528: "This price is contingent upon the Customer's purchase of a Minimum Order Quantity (MOQ) as outlined above, and must be ordered between 27-Nov-2025 and"
Line 529: '31-Dec-2025.'
Line 530: 'If you have any questions regarding this Passport Advantage Special Bid transaction, please contact: Ipsita Chatterjee  Ipsita.Chatterjee@ibm.com'
Line 531: 'NOTES:'
Line 532: "It is understood that final coverage dates for New Licenses and Software Subscription and Support Reinstatement part numbers will be based upon IBM's"
Line 533: 'acceptance of the Purchase Order, as defined by the Passport Advantage program, irrespective of the dates which may appear in this special bid.'
Line 534: 'Pricing valid for this transaction only.'
Line 535: 'This Special Bid is contingent upon all paperwork being on file with IBM.'
Line 536: 'For Future Offers, any margin discounts, incentives, or promotions will be applied based on then current availability and terms at the actual time of billing for the'
Line 537: "Future Offer. For clarity, this means that the pricing for any Future Offering in this Quotation will be recalculated at the time of Distributor's actual order to apply"
Line 538: 'existing applicable margin discounts, incentives, and promotions in effect at that time.'
Line 539: 'IBM Software Group'
Line 540: 'Special Bid Approval Notice'
Line 541: 'Page 7 of    7'
Line 542: 'IBM Ireland Product Distribution Limited'
Line 543: 'IBM Ireland Product Distribution Limited, Building 3, IBM Technology Campus, Damastown Industrial Park,'
Line 544: 'Mulhuddart, Dublin 15, D15 HN66, Ireland'
Line 545: 'VAT: Reg. No. IE4693255O'
Line 546: 'IBM Ireland Product Distribution Limited'
Line 547: 'IBM Ireland Product Distribution Limited, Building 3, IBM Technology Campus, Damastown Industrial Park,'
Line 548: 'Mulhuddart, Dublin 15, D15 HN66, Ireland'
Line 549: 'VAT: Reg. No. IE4693255O'
Line 550: 'Useful/Important web resources:'
Line 551: 'Passport Advantage information, customer secure site access, training, etc.: www.ibm.com/software/passportadvantage'
Line 552: "IBM's International Program License Agreement and product License Information documents: www.ibm.com/software/sla"
Line 553: 'IBM Software Support web site: https://www.ibm.com/software/support/handbook.html'
Line 554: 'IBM Customer Number: 010552'
Line 555: 'IBM Terms and Conditions'
Line 556: 'IBM International Passport Advantage Express Agreement'
Line 557: 'The quote or order to which this document relates is governed by the terms of the Passport Advantage Express Agreement and its'
Line 558: 'associated attachment(s).'
Line 559: 'Unless specifically agreed herein or in another signed agreement in writing between you and IBM, the licenses for the Programs and'
Line 560: 'S&S acquired under this Quote / Agreement may not be used to settle or resolve any software license non-compliance by you that'
Line 561: 'occurred prior to the Start Date of this Agreement. Further, unless otherwise agreed to by the parties in writing, the licenses for the'
Line 562: 'Programs and S&S acquired under this Quote / Agreement may not be used as authorization to deploy the Programs prior to the date of'
Line 563: 'your order against this Quote / Agreement. For more information about eligibility and reporting requirements for sub-capacity licensing,'
Line 564: 'please visit https://www.ibm.com/software/passportadvantage/subcaplicensing.html and for more information about eligibility and'
Line 565: 'reporting requirements for container licensing, please visit: https://www.ibm.com/software/passportadvantage/containerlicenses.html.'
Line 566: 'The terms of the IBM Software Special Bid Pricing Addendum apply to this Price Offer and can be found here:'
Line 567: 'https://www.ibm.com/support/customer/csol/terms/businesspartner/?ref=Z131-2442-01-04-2023-zz-en.'
Line 568: 'Transaction Documents'
Line 569: 'Service Description at http://ibm.com/terms/?id=i126-9789 applies to this transaction for the support offering(s) identified in this document.'
Line 570: 'Please read all terms for each of the above referenced Transaction Document(s) to ensure you are agreeing to the most recent version of'
Line 571: "the document. If you have any trouble with the link provided, please copy and paste the appropriate URL in your browser's navigation"
Line 572: 'bar.'
