=== IBM PDF EXTRACTION STARTED ===
PDF: 4 pages, extracting data...
Total lines extracted: 184
Extracting header information...
MEP found in next line: '194.099,50' -> cleaned: '194.099,50' -> 194099.5
Header fields found: 8
MEP extracted: '194,099.50')
Bid Expiration Date: '31-Dec-2025')
Extracting line items...
=== RAW PDF CONTENT FOR SKU E0R1HLL ===
Chunk lines from PDF:
  Line 0: '1'
  Line 1: 'E0R1HLL'
  Line 2: 'MXAPST APPNT ANNUAL'
  Line 3: '2,65'
  Line 4: '463,75 01-Jan-2026'
  Line 5: '31-Dec-2026'
  Line 6: '175'
  Line 7: '587,00'
  Line 8: '102.725,00'
  Line 9: '41,230'
  Line 10: '345,00'
  Line 11: '60.375,00 27430000'
Money tokens found: ['587,00', '102.725,00', '41,230', '345,00', '60.375,00']
Date range: 01-Jan-2026 to 31-Dec-2026
==================================================
=== PRICE ANALYSIS FOR SKU E0R1HLL ===
All money tokens from PDF: ['587,00', '102.725,00', '41,230', '345,00', '60.375,00']
  Token 0: '587,00' = 587.0
  Token 1: '102.725,00' = 102725.0
  Token 2: '41,230' = 41.23
  Token 3: '345,00' = 345.0
  Token 4: '60.375,00' = 60375.0
All parsed values:
  Position 0: '587,00' = 587.0
  Position 1: '102.725,00' = 102725.0
  Position 2: '41,230' = 41.23
  Position 3: '345,00' = 345.0
  Position 4: '60.375,00' = 60375.0
FOUND EXTENDED COST: Position 4 '60.375,00' = 60375.0
USING EXTENDED COST: Unit=345.0, Extended=60375.0
SELECTED: Using Extended=60375.0, Unit=345.0
FINAL: Unit=345.0, Total=60375.0
==================================================
=== RAW PDF CONTENT FOR SKU E0R1HLL ===
Chunk lines from PDF:
  Line 0: '2'
  Line 1: 'E0R1HLL'
  Line 2: 'MXAPST APPNT ANNUAL'
  Line 3: '2,65'
  Line 4: '463,75 01-Jan-2027'
  Line 5: '31-Dec-2027'
  Line 6: '175'
  Line 7: '554,00'
  Line 8: '96.950,00'
  Line 9: '33,366'
  Line 10: '369,15'
  Line 11: '64.601,25'
Money tokens found: ['554,00', '96.950,00', '33,366', '369,15', '64.601,25']
Date range: 01-Jan-2027 to 31-Dec-2027
==================================================
=== PRICE ANALYSIS FOR SKU E0R1HLL ===
All money tokens from PDF: ['554,00', '96.950,00', '33,366', '369,15', '64.601,25']
  Token 0: '554,00' = 554.0
  Token 1: '96.950,00' = 96950.0
  Token 2: '33,366' = 33.366
  Token 3: '369,15' = 369.15
  Token 4: '64.601,25' = 64601.25
All parsed values:
  Position 0: '554,00' = 554.0
  Position 1: '96.950,00' = 96950.0
  Position 2: '33,366' = 33.366
  Position 3: '369,15' = 369.15
  Position 4: '64.601,25' = 64601.25
FOUND EXTENDED COST: Position 4 '64.601,25' = 64601.25
USING EXTENDED COST: Unit=369.15, Extended=64601.25
SELECTED: Using Extended=64601.25, Unit=369.15
FINAL: Unit=369.15, Total=64601.25
==================================================
=== RAW PDF CONTENT FOR SKU E0R1HLL ===
Chunk lines from PDF:
  Line 0: '33,366'
  Line 1: '369,15'
  Line 2: '64.601,25'
  Line 3: 'S&S RNWL'
  Line 4: 'Current Transaction'
  Line 5: 'Channel Margin: 3,000%'
  Line 6: '3'
  Line 7: 'E0R1HLL'
  Line 8: 'MXAPST APPNT ANNUAL'
  Line 9: '2,65'
  Line 10: '463,75 01-Jan-2028'
  Line 11: '31-Dec-2028'
Money tokens found: []
Date range: 01-Jan-2028 to 31-Dec-2028
==================================================
=== PRICE ANALYSIS FOR SKU E0R1HLL ===
All money tokens from PDF: ['554,00', '96.950,00', '28,702', '394,99', '69.123,25']
  Token 0: '554,00' = 554.0
  Token 1: '96.950,00' = 96950.0
  Token 2: '28,702' = 28.702
  Token 3: '394,99' = 394.99
  Token 4: '69.123,25' = 69123.25
All parsed values:
  Position 0: '554,00' = 554.0
  Position 1: '96.950,00' = 96950.0
  Position 2: '28,702' = 28.702
  Position 3: '394,99' = 394.99
  Position 4: '69.123,25' = 69123.25
FOUND EXTENDED COST: Position 4 '69.123,25' = 69123.25
USING EXTENDED COST: Unit=394.99, Extended=69123.25
SELECTED: Using Extended=69123.25, Unit=394.99
FINAL: Unit=394.99, Total=69123.25
==================================================
=== EXTRACTION COMPLETE ===
Total line items: 3
Total quotation value: AED 712,830.42
=== FINAL EXCEL DATA ===
Row 1: E0R1HLL | Qty: 175 | Unit: AED 1267.01 | Total: AED 221727.19
Row 2: E0R1HLL | Qty: 175 | Unit: AED 1355.70 | Total: AED 237248.09
Row 3: E0R1HLL | Qty: 175 | Unit: AED 1450.60 | Total: AED 253855.14
=== DESCRIPTION CORRECTION ===
Using master CSV with 60485 records
Corrections: 3 updated, 0 blank
Description correction complete: 3 rows
=== IBM PDF EXTRACTION STARTED ===
PDF: 4 pages, extracting data...
Total lines extracted: 184
Extracting header information...
MEP found in next line: '194.099,50' -> cleaned: '194.099,50' -> 194099.5
Header fields found: 8
MEP extracted: '194,099.50')
Bid Expiration Date: '31-Dec-2025')
Extracting line items...
=== RAW PDF CONTENT FOR SKU E0R1HLL ===
Chunk lines from PDF:
  Line 0: '1'
  Line 1: 'E0R1HLL'
  Line 2: 'MXAPST APPNT ANNUAL'
  Line 3: '2,65'
  Line 4: '463,75 01-Jan-2026'
  Line 5: '31-Dec-2026'
  Line 6: '175'
  Line 7: '587,00'
  Line 8: '102.725,00'
  Line 9: '41,230'
  Line 10: '345,00'
  Line 11: '60.375,00 27430000'
Money tokens found: ['587,00', '102.725,00', '41,230', '345,00', '60.375,00']
Date range: 01-Jan-2026 to 31-Dec-2026
==================================================
=== PRICE ANALYSIS FOR SKU E0R1HLL ===
All money tokens from PDF: ['587,00', '102.725,00', '41,230', '345,00', '60.375,00']
  Token 0: '587,00' = 587.0
  Token 1: '102.725,00' = 102725.0
  Token 2: '41,230' = 41.23
  Token 3: '345,00' = 345.0
  Token 4: '60.375,00' = 60375.0
All parsed values:
  Position 0: '587,00' = 587.0
  Position 1: '102.725,00' = 102725.0
  Position 2: '41,230' = 41.23
  Position 3: '345,00' = 345.0
  Position 4: '60.375,00' = 60375.0
FOUND EXTENDED COST: Position 4 '60.375,00' = 60375.0
USING EXTENDED COST: Unit=345.0, Extended=60375.0
SELECTED: Using Extended=60375.0, Unit=345.0
FINAL: Unit=345.0, Total=60375.0
==================================================
=== RAW PDF CONTENT FOR SKU E0R1HLL ===
Chunk lines from PDF:
  Line 0: '2'
  Line 1: 'E0R1HLL'
  Line 2: 'MXAPST APPNT ANNUAL'
  Line 3: '2,65'
  Line 4: '463,75 01-Jan-2027'
  Line 5: '31-Dec-2027'
  Line 6: '175'
  Line 7: '554,00'
  Line 8: '96.950,00'
  Line 9: '33,366'
  Line 10: '369,15'
  Line 11: '64.601,25'
Money tokens found: ['554,00', '96.950,00', '33,366', '369,15', '64.601,25']
Date range: 01-Jan-2027 to 31-Dec-2027
==================================================
=== PRICE ANALYSIS FOR SKU E0R1HLL ===
All money tokens from PDF: ['554,00', '96.950,00', '33,366', '369,15', '64.601,25']
  Token 0: '554,00' = 554.0
  Token 1: '96.950,00' = 96950.0
  Token 2: '33,366' = 33.366
  Token 3: '369,15' = 369.15
  Token 4: '64.601,25' = 64601.25
All parsed values:
  Position 0: '554,00' = 554.0
  Position 1: '96.950,00' = 96950.0
  Position 2: '33,366' = 33.366
  Position 3: '369,15' = 369.15
  Position 4: '64.601,25' = 64601.25
FOUND EXTENDED COST: Position 4 '64.601,25' = 64601.25
USING EXTENDED COST: Unit=369.15, Extended=64601.25
SELECTED: Using Extended=64601.25, Unit=369.15
FINAL: Unit=369.15, Total=64601.25
==================================================
=== RAW PDF CONTENT FOR SKU E0R1HLL ===
Chunk lines from PDF:
  Line 0: '33,366'
  Line 1: '369,15'
  Line 2: '64.601,25'
  Line 3: 'S&S RNWL'
  Line 4: 'Current Transaction'
  Line 5: 'Channel Margin: 3,000%'
  Line 6: '3'
  Line 7: 'E0R1HLL'
  Line 8: 'MXAPST APPNT ANNUAL'
  Line 9: '2,65'
  Line 10: '463,75 01-Jan-2028'
  Line 11: '31-Dec-2028'
Money tokens found: []
Date range: 01-Jan-2028 to 31-Dec-2028
==================================================
=== PRICE ANALYSIS FOR SKU E0R1HLL ===
All money tokens from PDF: ['554,00', '96.950,00', '28,702', '394,99', '69.123,25']
  Token 0: '554,00' = 554.0
  Token 1: '96.950,00' = 96950.0
  Token 2: '28,702' = 28.702
  Token 3: '394,99' = 394.99
  Token 4: '69.123,25' = 69123.25
All parsed values:
  Position 0: '554,00' = 554.0
  Position 1: '96.950,00' = 96950.0
  Position 2: '28,702' = 28.702
  Position 3: '394,99' = 394.99
  Position 4: '69.123,25' = 69123.25
FOUND EXTENDED COST: Position 4 '69.123,25' = 69123.25
USING EXTENDED COST: Unit=394.99, Extended=69123.25
SELECTED: Using Extended=69123.25, Unit=394.99
FINAL: Unit=394.99, Total=69123.25
==================================================
=== EXTRACTION COMPLETE ===
Total line items: 3
Total quotation value: AED 712,830.42
=== FINAL EXCEL DATA ===
Row 1: E0R1HLL | Qty: 175 | Unit: AED 1267.01 | Total: AED 221727.19
Row 2: E0R1HLL | Qty: 175 | Unit: AED 1355.70 | Total: AED 237248.09
Row 3: E0R1HLL | Qty: 175 | Unit: AED 1450.60 | Total: AED 253855.14
=== DESCRIPTION CORRECTION ===
Using master CSV with 60485 records
Corrections: 3 updated, 0 blank
Description correction complete: 3 rows
=== IBM PDF EXTRACTION STARTED ===
PDF: 4 pages, extracting data...
Total lines extracted: 184
Extracting header information...
MEP found in next line: '194.099,50' -> cleaned: '194.099,50' -> 194099.5
Header fields found: 8
MEP extracted: '194,099.50')
Bid Expiration Date: '31-Dec-2025')
Extracting line items...
=== RAW PDF CONTENT FOR SKU E0R1HLL ===
Chunk lines from PDF:
  Line 0: '1'
  Line 1: 'E0R1HLL'
  Line 2: 'MXAPST APPNT ANNUAL'
  Line 3: '2,65'
  Line 4: '463,75 01-Jan-2026'
  Line 5: '31-Dec-2026'
  Line 6: '175'
  Line 7: '587,00'
  Line 8: '102.725,00'
  Line 9: '41,230'
  Line 10: '345,00'
  Line 11: '60.375,00 27430000'
Money tokens found: ['587,00', '102.725,00', '41,230', '345,00', '60.375,00']
Date range: 01-Jan-2026 to 31-Dec-2026
==================================================
=== PRICE ANALYSIS FOR SKU E0R1HLL ===
All money tokens from PDF: ['587,00', '102.725,00', '41,230', '345,00', '60.375,00']
  Token 0: '587,00' = 587.0
  Token 1: '102.725,00' = 102725.0
  Token 2: '41,230' = 41.23
  Token 3: '345,00' = 345.0
  Token 4: '60.375,00' = 60375.0
All parsed values:
  Position 0: '587,00' = 587.0
  Position 1: '102.725,00' = 102725.0
  Position 2: '41,230' = 41.23
  Position 3: '345,00' = 345.0
  Position 4: '60.375,00' = 60375.0
FOUND EXTENDED COST: Position 4 '60.375,00' = 60375.0
USING EXTENDED COST: Unit=345.0, Extended=60375.0
SELECTED: Using Extended=60375.0, Unit=345.0
FINAL: Unit=345.0, Total=60375.0
==================================================
=== RAW PDF CONTENT FOR SKU E0R1HLL ===
Chunk lines from PDF:
  Line 0: '2'
  Line 1: 'E0R1HLL'
  Line 2: 'MXAPST APPNT ANNUAL'
  Line 3: '2,65'
  Line 4: '463,75 01-Jan-2027'
  Line 5: '31-Dec-2027'
  Line 6: '175'
  Line 7: '554,00'
  Line 8: '96.950,00'
  Line 9: '33,366'
  Line 10: '369,15'
  Line 11: '64.601,25'
Money tokens found: ['554,00', '96.950,00', '33,366', '369,15', '64.601,25']
Date range: 01-Jan-2027 to 31-Dec-2027
==================================================
=== PRICE ANALYSIS FOR SKU E0R1HLL ===
All money tokens from PDF: ['554,00', '96.950,00', '33,366', '369,15', '64.601,25']
  Token 0: '554,00' = 554.0
  Token 1: '96.950,00' = 96950.0
  Token 2: '33,366' = 33.366
  Token 3: '369,15' = 369.15
  Token 4: '64.601,25' = 64601.25
All parsed values:
  Position 0: '554,00' = 554.0
  Position 1: '96.950,00' = 96950.0
  Position 2: '33,366' = 33.366
  Position 3: '369,15' = 369.15
  Position 4: '64.601,25' = 64601.25
FOUND EXTENDED COST: Position 4 '64.601,25' = 64601.25
USING EXTENDED COST: Unit=369.15, Extended=64601.25
SELECTED: Using Extended=64601.25, Unit=369.15
FINAL: Unit=369.15, Total=64601.25
==================================================
=== RAW PDF CONTENT FOR SKU E0R1HLL ===
Chunk lines from PDF:
  Line 0: '33,366'
  Line 1: '369,15'
  Line 2: '64.601,25'
  Line 3: 'S&S RNWL'
  Line 4: 'Current Transaction'
  Line 5: 'Channel Margin: 3,000%'
  Line 6: '3'
  Line 7: 'E0R1HLL'
  Line 8: 'MXAPST APPNT ANNUAL'
  Line 9: '2,65'
  Line 10: '463,75 01-Jan-2028'
  Line 11: '31-Dec-2028'
Money tokens found: []
Date range: 01-Jan-2028 to 31-Dec-2028
==================================================
=== PRICE ANALYSIS FOR SKU E0R1HLL ===
All money tokens from PDF: ['554,00', '96.950,00', '28,702', '394,99', '69.123,25']
  Token 0: '554,00' = 554.0
  Token 1: '96.950,00' = 96950.0
  Token 2: '28,702' = 28.702
  Token 3: '394,99' = 394.99
  Token 4: '69.123,25' = 69123.25
All parsed values:
  Position 0: '554,00' = 554.0
  Position 1: '96.950,00' = 96950.0
  Position 2: '28,702' = 28.702
  Position 3: '394,99' = 394.99
  Position 4: '69.123,25' = 69123.25
FOUND EXTENDED COST: Position 4 '69.123,25' = 69123.25
USING EXTENDED COST: Unit=394.99, Extended=69123.25
SELECTED: Using Extended=69123.25, Unit=394.99
FINAL: Unit=394.99, Total=69123.25
==================================================
=== EXTRACTION COMPLETE ===
Total line items: 3
Total quotation value: AED 712,830.42
=== FINAL EXCEL DATA ===
Row 1: E0R1HLL | Qty: 175 | Unit: AED 1267.01 | Total: AED 221727.19
Row 2: E0R1HLL | Qty: 175 | Unit: AED 1355.70 | Total: AED 237248.09
Row 3: E0R1HLL | Qty: 175 | Unit: AED 1450.60 | Total: AED 253855.14
=== DESCRIPTION CORRECTION ===
Using master CSV with 60485 records
Corrections: 3 updated, 0 blank
Description correction complete: 3 rows
