2026-01-19 13:12:37,308 - INFO - MIBB PDF saved: mibb_logs\uploaded_pdf_20260119_131237_MIBB_APPROVED_QUOTATION_CUBEWISE_PLANNING_ANALYTICS_3YR_PAoC.pdf
2026-01-19 13:13:50,361 - INFO - MIBB PDF saved: mibb_logs\uploaded_pdf_20260119_131350_MIBB_APPROVED_QUOTATION_CUBEWISE_PLANNING_ANALYTICS_3YR_PAoC.pdf
2026-01-19 13:13:54,139 - INFO - MIBB PDF saved: mibb_logs\uploaded_pdf_20260119_131354_MIBB_APPROVED_QUOTATION_CUBEWISE_PLANNING_ANALYTICS_3YR_PAoC.pdf
2026-01-19 13:18:26,701 - INFO - MIBB PDF saved: mibb_logs\uploaded_pdf_20260119_131826_MIBB_APPROVED_QUOTATION_CUBEWISE_PLANNING_ANALYTICS_3YR_PAoC.pdf
2026-01-19 13:18:32,202 - INFO - MIBB PDF saved: mibb_logs\uploaded_pdf_20260119_131832_MIBB_APPROVED_QUOTATION_CUBEWISE_PLANNING_ANALYTICS_3YR_PAoC.pdf
2026-01-19 13:19:32,233 - INFO - MIBB PDF saved: mibb_logs\uploaded_pdf_20260119_131932_MIBB_APPROVED_QUOTATION_CUBEWISE_PLANNING_ANALYTICS_3YR_PAoC.pdf
2026-01-19 13:20:41,357 - INFO - MIBB PDF saved: mibb_logs\uploaded_pdf_20260119_132041_MIBB_APPROVED_QUOTATION_CUBEWISE_PLANNING_ANALYTICS_3YR_PAoC.pdf
2026-01-19 13:22:03,788 - INFO - MIBB PDF saved: mibb_logs\uploaded_pdf_20260119_132203_MIBB_APPROVED_QUOTATION_CUBEWISE_PLANNING_ANALYTICS_3YR_PAoC.pdf
2026-01-19 13:22:05,080 - DEBUG - STREAM b'IHDR' 16 13
2026-01-19 13:22:05,080 - DEBUG - STREAM b'sRGB' 41 1
2026-01-19 13:22:05,081 - DEBUG - STREAM b'gAMA' 54 4
2026-01-19 13:22:05,081 - DEBUG - STREAM b'pHYs' 70 9
2026-01-19 13:22:05,081 - DEBUG - STREAM b'IDAT' 91 10912
2026-01-19 13:22:05,223 - DEBUG - STREAM b'IHDR' 16 13
2026-01-19 13:22:05,223 - DEBUG - STREAM b'sRGB' 41 1
2026-01-19 13:22:05,223 - DEBUG - STREAM b'gAMA' 54 4
2026-01-19 13:22:05,223 - DEBUG - STREAM b'pHYs' 70 9
2026-01-19 13:22:05,223 - DEBUG - STREAM b'IDAT' 91 10912
2026-01-19 13:22:07,473 - INFO - MIBB PDF saved: mibb_logs\uploaded_pdf_20260119_132207_MIBB_APPROVED_QUOTATION_CUBEWISE_PLANNING_ANALYTICS_3YR_PAoC.pdf
2026-01-19 13:22:08,174 - DEBUG - STREAM b'IHDR' 16 13
2026-01-19 13:22:08,174 - DEBUG - STREAM b'sRGB' 41 1
2026-01-19 13:22:08,174 - DEBUG - STREAM b'gAMA' 54 4
2026-01-19 13:22:08,174 - DEBUG - STREAM b'pHYs' 70 9
2026-01-19 13:22:08,174 - DEBUG - STREAM b'IDAT' 91 10912
2026-01-19 13:22:08,292 - DEBUG - STREAM b'IHDR' 16 13
2026-01-19 13:22:08,292 - DEBUG - STREAM b'sRGB' 41 1
2026-01-19 13:22:08,292 - DEBUG - STREAM b'gAMA' 54 4
2026-01-19 13:22:08,293 - DEBUG - STREAM b'pHYs' 70 9
2026-01-19 13:22:08,294 - DEBUG - STREAM b'IDAT' 91 10912
2026-01-19 13:27:11,992 - INFO - MIBB PDF saved: mibb_logs\uploaded_pdf_20260119_132711_MIBB_APPROVED_QUOTATION_CUBEWISE_PLANNING_ANALYTICS_3YR_PAoC.pdf
2026-01-19 13:27:12,696 - DEBUG - STREAM b'IHDR' 16 13
2026-01-19 13:27:12,697 - DEBUG - STREAM b'sRGB' 41 1
2026-01-19 13:27:12,697 - DEBUG - STREAM b'gAMA' 54 4
2026-01-19 13:27:12,697 - DEBUG - STREAM b'pHYs' 70 9
2026-01-19 13:27:12,697 - DEBUG - STREAM b'IDAT' 91 10912
2026-01-19 13:27:12,800 - DEBUG - STREAM b'IHDR' 16 13
2026-01-19 13:27:12,800 - DEBUG - STREAM b'sRGB' 41 1
2026-01-19 13:27:12,801 - DEBUG - STREAM b'gAMA' 54 4
2026-01-19 13:27:12,801 - DEBUG - STREAM b'pHYs' 70 9
2026-01-19 13:27:12,801 - DEBUG - STREAM b'IDAT' 91 10912
2026-01-19 13:27:18,682 - INFO - MIBB PDF saved: mibb_logs\uploaded_pdf_20260119_132718_MIBB_APPROVED_QUOTATION_CUBEWISE_PLANNING_ANALYTICS_3YR_PAoC.pdf
2026-01-19 13:27:19,392 - DEBUG - STREAM b'IHDR' 16 13
2026-01-19 13:27:19,392 - DEBUG - STREAM b'sRGB' 41 1
2026-01-19 13:27:19,392 - DEBUG - STREAM b'gAMA' 54 4
2026-01-19 13:27:19,392 - DEBUG - STREAM b'pHYs' 70 9
2026-01-19 13:27:19,393 - DEBUG - STREAM b'IDAT' 91 10912
2026-01-19 13:27:19,549 - DEBUG - STREAM b'IHDR' 16 13
2026-01-19 13:27:19,549 - DEBUG - STREAM b'sRGB' 41 1
2026-01-19 13:27:19,549 - DEBUG - STREAM b'gAMA' 54 4
2026-01-19 13:27:19,549 - DEBUG - STREAM b'pHYs' 70 9
2026-01-19 13:27:19,549 - DEBUG - STREAM b'IDAT' 91 10912
