2026-01-19 13:20:41,358 - DEBUG - ================================================================================
2026-01-19 13:20:41,359 - DEBUG - MIBB HEADER EXTRACTION STARTED
2026-01-19 13:20:41,360 - DEBUG - ================================================================================
2026-01-19 13:20:41,361 - DEBUG - PDF opened successfully: 5 pages
2026-01-19 13:20:41,371 - DEBUG - Page 1: Extracted 25 lines
2026-01-19 13:20:41,378 - DEBUG - Page 2: Extracted 116 lines
2026-01-19 13:20:41,383 - DEBUG - Page 3: Extracted 102 lines
2026-01-19 13:20:41,394 - DEBUG - Page 4: Extracted 33 lines
2026-01-19 13:20:41,404 - DEBUG - Page 5: Extracted 36 lines
2026-01-19 13:20:41,404 - DEBUG - Total lines extracted: 312
2026-01-19 13:20:41,405 - DEBUG - 
First 50 lines of PDF:
2026-01-19 13:20:41,405 - DEBUG -   Line   0: Page 1 of 5
2026-01-19 13:20:41,406 - DEBUG -   Line   1: Customer Information
2026-01-19 13:20:41,406 - DEBUG -   Line   2: Customer Name: Orange Botswana [Pty] Ltd
2026-01-19 13:20:41,406 - DEBUG -   Line   3: Address: Botswana
2026-01-19 13:20:41,407 - DEBUG -   Line   4: City: Gaborone
2026-01-19 13:20:41,407 - DEBUG -   Line   5: Country: Botswana
2026-01-19 13:20:41,408 - DEBUG -   Line   6: Government Entity (GOE): No
2026-01-19 13:20:41,408 - DEBUG -   Line   7: Bid Request Information
2026-01-19 13:20:41,409 - DEBUG -   Line   8: Bid Number: 00358346
2026-01-19 13:20:41,409 - DEBUG -   Line   9: Bid Effective Date: 2025-11-21
2026-01-19 13:20:41,410 - DEBUG -   Line  10: Bid Expiration Date: 2025-12-31
2026-01-19 13:20:41,410 - DEBUG -   Line  11: Date Bid Sent: 2025-11-21
2026-01-19 13:20:41,411 - DEBUG -   Line  12: Distributor Name: Mindware FZ LLC
2026-01-19 13:20:41,412 - DEBUG -   Line  13: Reseller Name: CUBEWISE AFRICA SN SAS
2026-01-19 13:20:41,412 - DEBUG -   Line  14: Business Partner of Record: No
2026-01-19 13:20:41,413 - DEBUG -   Line  15: Opportunity Owner: Ted Ochola
2026-01-19 13:20:41,413 - DEBUG -   Line  16: Currency: USD
2026-01-19 13:20:41,413 - DEBUG -   Line  17: Payment Terms: 30 days
2026-01-19 13:20:41,414 - DEBUG -   Line  18: Site ID:
2026-01-19 13:20:41,414 - DEBUG -   Line  19: MIBB INTERNATIONAL FZ-LLC
2026-01-19 13:20:41,415 - DEBUG -   Line  20: MIBB INTERNATIONAL FZ-LLC
2026-01-19 13:20:41,415 - DEBUG -   Line  21: Office Park Block D
2026-01-19 13:20:41,416 - DEBUG -   Line  22: Dubai Internet City
2026-01-19 13:20:41,416 - DEBUG -   Line  23: Dubai, UAE
2026-01-19 13:20:41,417 - DEBUG -   Line  24: VAT: Reg no :104336463500001
2026-01-19 13:20:41,417 - DEBUG -   Line  25: Page 2 of 5
2026-01-19 13:20:41,417 - DEBUG -   Line  26: Overage Quotation
2026-01-19 13:20:41,418 - DEBUG -   Line  27: #
2026-01-19 13:20:41,418 - DEBUG -   Line  28: Part Number
2026-01-19 13:20:41,419 - DEBUG -   Line  29: Description
2026-01-19 13:20:41,419 - DEBUG -   Line  30: Customer Unit Price
2026-01-19 13:20:41,420 - DEBUG -   Line  31: Quantity
2026-01-19 13:20:41,420 - DEBUG -   Line  32: Quote Rate
2026-01-19 13:20:41,421 - DEBUG -   Line  33: Quote Unit Price
2026-01-19 13:20:41,421 - DEBUG -   Line  34: 1
2026-01-19 13:20:41,421 - DEBUG -   Line  35: D1RJ7LL
2026-01-19 13:20:41,422 - DEBUG -   Line  36: Planning Analytics
2026-01-19 13:20:41,422 - DEBUG -   Line  37: 314.00
2026-01-19 13:20:41,423 - DEBUG -   Line  38: N/A
2026-01-19 13:20:41,424 - DEBUG -   Line  39: 314.00
2026-01-19 13:20:41,424 - DEBUG -   Line  40: 314.00
2026-01-19 13:20:41,425 - DEBUG -   Line  41: 2
2026-01-19 13:20:41,425 - DEBUG -   Line  42: D1RJ9LL
2026-01-19 13:20:41,426 - DEBUG -   Line  43: Planning Analytics
2026-01-19 13:20:41,426 - DEBUG -   Line  44: 209.00
2026-01-19 13:20:41,426 - DEBUG -   Line  45: N/A
2026-01-19 13:20:41,427 - DEBUG -   Line  46: 209.00
2026-01-19 13:20:41,427 - DEBUG -   Line  47: 209.00
2026-01-19 13:20:41,429 - DEBUG -   Line  48: Subscription Quotation
2026-01-19 13:20:41,429 - DEBUG -   Line  49: Parts Information
2026-01-19 13:20:41,430 - DEBUG - 
Parsing header information...
2026-01-19 13:20:41,430 - DEBUG -   [Line 2] Customer Name: 'Address: Botswana'
2026-01-19 13:20:41,431 - DEBUG -   [Line 4] City: 'Country: Botswana'
2026-01-19 13:20:41,431 - DEBUG -   [Line 5] Country: 'Government Entity (GOE): No'
2026-01-19 13:20:41,431 - DEBUG -   [Line 6] Government Entity (GOE): 'Bid Request Information'
2026-01-19 13:20:41,432 - DEBUG -   [Line 8] Bid Number: 'Bid Effective Date: 2025-11-21'
2026-01-19 13:20:41,432 - DEBUG -   [Line 10] Bid Expiration Date: 'Date Bid Sent: 2025-11-21'
2026-01-19 13:20:41,433 - DEBUG -   [Line 13] Reseller Name: 'Business Partner of Record: No'
2026-01-19 13:20:41,434 - DEBUG - 
Header extraction complete: 7 fields found
2026-01-19 13:20:41,434 - DEBUG - 
Extracted header information:
2026-01-19 13:20:41,435 - DEBUG -   Customer Name                      : Address: Botswana
2026-01-19 13:20:41,435 - DEBUG -   Bid Number                         : Bid Effective Date: 2025-11-21
2026-01-19 13:20:41,435 - DEBUG -   PA Agreement Number                : 
2026-01-19 13:20:41,436 - DEBUG -   PA Site Number                     : 
2026-01-19 13:20:41,436 - DEBUG -   Select Territory                   : 
2026-01-19 13:20:41,437 - DEBUG -   Government Entity (GOE)            : Bid Request Information
2026-01-19 13:20:41,437 - DEBUG -   Reseller Name                      : Business Partner of Record: No
2026-01-19 13:20:41,437 - DEBUG -   City                               : Country: Botswana
2026-01-19 13:20:41,438 - DEBUG -   Country                            : Government Entity (GOE): No
2026-01-19 13:20:41,438 - DEBUG -   Maximum End User Price (MEP)       : 
2026-01-19 13:20:41,438 - DEBUG -   Total Value Seller Revenue Opportunity: 
2026-01-19 13:20:41,439 - DEBUG -   Bid Expiration Date                : Date Bid Sent: 2025-11-21
2026-01-19 13:20:41,439 - DEBUG - ================================================================================

2026-01-19 13:20:41,440 - DEBUG - ================================================================================
2026-01-19 13:20:41,440 - DEBUG - MIBB TABLE EXTRACTION STARTED
2026-01-19 13:20:41,441 - DEBUG - ================================================================================
2026-01-19 13:20:41,442 - DEBUG - PDF opened for table extraction: 5 pages
2026-01-19 13:20:41,458 - DEBUG - [PAGE SCAN] Candidate page 2: marker_score=2, header_score=6
2026-01-19 13:20:41,481 - DEBUG - [PAGE SELECT] Using page 2 (marker_score=2, header_score=6)
2026-01-19 13:20:41,482 - DEBUG - 
[STRATEGY 1] Attempting PyMuPDF table detection on page 2...
2026-01-19 13:20:41,805 - DEBUG - [STRATEGY 1 FAILED] PyMuPDF table detection error: object of type 'TableFinder' has no len()
2026-01-19 13:20:41,806 - DEBUG - Falling back to text-based extraction...
2026-01-19 13:20:41,807 - DEBUG - 
[STRATEGY 2] Text-based extraction (fallback) on page 2...
2026-01-19 13:20:41,811 - DEBUG - Extracted 116 lines from page 2 text
2026-01-19 13:20:41,812 - DEBUG - 
First 100 lines of page 2:
2026-01-19 13:20:41,812 - DEBUG -   Line   0: Page 2 of 5
2026-01-19 13:20:41,812 - DEBUG -   Line   1: Overage Quotation
2026-01-19 13:20:41,813 - DEBUG -   Line   2: #
2026-01-19 13:20:41,813 - DEBUG -   Line   3: Part Number
2026-01-19 13:20:41,813 - DEBUG -   Line   4: Description
2026-01-19 13:20:41,814 - DEBUG -   Line   5: Customer Unit Price
2026-01-19 13:20:41,814 - DEBUG -   Line   6: Quantity
2026-01-19 13:20:41,814 - DEBUG -   Line   7: Quote Rate
2026-01-19 13:20:41,814 - DEBUG -   Line   8: Quote Unit Price
2026-01-19 13:20:41,814 - DEBUG -   Line   9: 1
2026-01-19 13:20:41,815 - DEBUG -   Line  10: D1RJ7LL
2026-01-19 13:20:41,815 - DEBUG -   Line  11: Planning Analytics
2026-01-19 13:20:41,815 - DEBUG -   Line  12: 314.00
2026-01-19 13:20:41,816 - DEBUG -   Line  13: N/A
2026-01-19 13:20:41,816 - DEBUG -   Line  14: 314.00
2026-01-19 13:20:41,816 - DEBUG -   Line  15: 314.00
2026-01-19 13:20:41,817 - DEBUG -   Line  16: 2
2026-01-19 13:20:41,817 - DEBUG -   Line  17: D1RJ9LL
2026-01-19 13:20:41,817 - DEBUG -   Line  18: Planning Analytics
2026-01-19 13:20:41,818 - DEBUG -   Line  19: 209.00
2026-01-19 13:20:41,818 - DEBUG -   Line  20: N/A
2026-01-19 13:20:41,818 - DEBUG -   Line  21: 209.00
2026-01-19 13:20:41,819 - DEBUG -   Line  22: 209.00
2026-01-19 13:20:41,819 - DEBUG -   Line  23: Subscription Quotation
2026-01-19 13:20:41,820 - DEBUG -   Line  24: Parts Information
2026-01-19 13:20:41,820 - DEBUG -   Line  25: #
2026-01-19 13:20:41,820 - DEBUG -   Line  26: Part Number
2026-01-19 13:20:41,820 - DEBUG -   Line  27: Description
2026-01-19 13:20:41,821 - DEBUG -   Line  28: Transaction Type
2026-01-19 13:20:41,821 - DEBUG -   Line  29: Billing
2026-01-19 13:20:41,821 - DEBUG -   Line  30: Points
2026-01-19 13:20:41,821 - DEBUG -   Line  31: Coverage Start
2026-01-19 13:20:41,822 - DEBUG -   Line  32: Coverage End
2026-01-19 13:20:41,822 - DEBUG -   Line  33: Quantity
2026-01-19 13:20:41,823 - DEBUG -   Line  34: Entitled Unit Entitled Extended
2026-01-19 13:20:41,823 - DEBUG -   Line  35: Discount%
2026-01-19 13:20:41,823 - DEBUG -   Line  36: Bid Unit SVP Bid Ext SVP
2026-01-19 13:20:41,824 - DEBUG -   Line  37: Channel
2026-01-19 13:20:41,825 - DEBUG -   Line  38: Margin
2026-01-19 13:20:41,825 - DEBUG -   Line  39: 1
2026-01-19 13:20:41,826 - DEBUG -   Line  40: D11C4LL
2026-01-19 13:20:41,827 - DEBUG -   Line  41: Planning Analytics
2026-01-19 13:20:41,829 - DEBUG -   Line  42: New
2026-01-19 13:20:41,829 - DEBUG -   Line  43: Upfront
2026-01-19 13:20:41,830 - DEBUG -   Line  44: 06/11/2025
2026-01-19 13:20:41,830 - DEBUG -   Line  45: 30/11/2028
2026-01-19 13:20:41,830 - DEBUG -   Line  46: 1.00
2026-01-19 13:20:41,830 - DEBUG -   Line  47: 0.00
2026-01-19 13:20:41,831 - DEBUG -   Line  48: 0.00
2026-01-19 13:20:41,831 - DEBUG -   Line  49: 0.00
2026-01-19 13:20:41,831 - DEBUG -   Line  50: 0.00
2026-01-19 13:20:41,832 - DEBUG -   Line  51: 0.00
2026-01-19 13:20:41,832 - DEBUG -   Line  52: 8.00
2026-01-19 13:20:41,832 - DEBUG -   Line  53: 2
2026-01-19 13:20:41,832 - DEBUG -   Line  54: D1RJ6LL
2026-01-19 13:20:41,833 - DEBUG -   Line  55: Planning Analytics
2026-01-19 13:20:41,833 - DEBUG -   Line  56: New
2026-01-19 13:20:41,833 - DEBUG -   Line  57: Annual
2026-01-19 13:20:41,834 - DEBUG -   Line  58: 06/11/2025
2026-01-19 13:20:41,834 - DEBUG -   Line  59: 30/11/2028
2026-01-19 13:20:41,835 - DEBUG -   Line  60: 2.00
2026-01-19 13:20:41,835 - DEBUG -   Line  61: 8,676.00
2026-01-19 13:20:41,835 - DEBUG -   Line  62: 17,352.00
2026-01-19 13:20:41,836 - DEBUG -   Line  63: 44.24
2026-01-19 13:20:41,836 - DEBUG -   Line  64: 4,837.51
2026-01-19 13:20:41,836 - DEBUG -   Line  65: 9,675.02
2026-01-19 13:20:41,837 - DEBUG -   Line  66: 8.00
2026-01-19 13:20:41,837 - DEBUG -   Line  67: 3
2026-01-19 13:20:41,837 - DEBUG -   Line  68: D1RJ8LL
2026-01-19 13:20:41,837 - DEBUG -   Line  69: Planning Analytics
2026-01-19 13:20:41,838 - DEBUG -   Line  70: New
2026-01-19 13:20:41,838 - DEBUG -   Line  71: Annual
2026-01-19 13:20:41,838 - DEBUG -   Line  72: 06/11/2025
2026-01-19 13:20:41,838 - DEBUG -   Line  73: 30/11/2028
2026-01-19 13:20:41,839 - DEBUG -   Line  74: 48.00
2026-01-19 13:20:41,839 - DEBUG -   Line  75: 5,796.00
2026-01-19 13:20:41,840 - DEBUG -   Line  76: 278,208.00
2026-01-19 13:20:41,841 - DEBUG -   Line  77: 44.24
2026-01-19 13:20:41,841 - DEBUG -   Line  78: 3,231.70
2026-01-19 13:20:41,841 - DEBUG -   Line  79: 155,121.60
2026-01-19 13:20:41,842 - DEBUG -   Line  80: 8.00
2026-01-19 13:20:41,842 - DEBUG -   Line  81: 4
2026-01-19 13:20:41,842 - DEBUG -   Line  82: D0LW2ZX
2026-01-19 13:20:41,843 - DEBUG -   Line  83: Planning Analytics
2026-01-19 13:20:41,843 - DEBUG -   Line  84: New
2026-01-19 13:20:41,843 - DEBUG -   Line  85: Annual
2026-01-19 13:20:41,843 - DEBUG -   Line  86: 06/11/2025
2026-01-19 13:20:41,844 - DEBUG -   Line  87: 30/11/2028
2026-01-19 13:20:41,845 - DEBUG -   Line  88: 5.00
2026-01-19 13:20:41,845 - DEBUG -   Line  89: 1,155.60
2026-01-19 13:20:41,845 - DEBUG -   Line  90: 5,778.00
2026-01-19 13:20:41,846 - DEBUG -   Line  91: 44.24
2026-01-19 13:20:41,846 - DEBUG -   Line  92: 644.34
2026-01-19 13:20:41,846 - DEBUG -   Line  93: 3,221.70
2026-01-19 13:20:41,847 - DEBUG -   Line  94: 8.00
2026-01-19 13:20:41,847 - DEBUG -   Line  95: 5
2026-01-19 13:20:41,847 - DEBUG -   Line  96: D22RMLL
2026-01-19 13:20:41,848 - DEBUG -   Line  97: Planning Analytics
2026-01-19 13:20:41,848 - DEBUG -   Line  98: New
2026-01-19 13:20:41,848 - DEBUG -   Line  99: Annual
2026-01-19 13:20:41,848 - DEBUG - 
Searching for table start marker...
2026-01-19 13:20:41,849 - DEBUG -   Found table start at line 23: 'Subscription Quotation'
2026-01-19 13:20:41,849 - DEBUG - 
Searching for header line...
2026-01-19 13:20:41,850 - DEBUG -   Found header anchor at line 26: 'Part Number'
2026-01-19 13:20:41,850 - DEBUG - 
Extracting data rows starting from line 27:
2026-01-19 13:20:41,850 - DEBUG - 
  Row 1 (line 40):
2026-01-19 13:20:41,851 - DEBUG -     Raw line: 'D11C4LL'
2026-01-19 13:20:41,851 - DEBUG -     Part Number found: 'D11C4LL'
2026-01-19 13:20:41,852 - DEBUG -     Description: 'Planning Analytics...'
2026-01-19 13:20:41,852 - DEBUG -     Found dates at line 44: ['06/11/2025']
2026-01-19 13:20:41,852 - DEBUG -     Found dates at line 45: ['30/11/2028']
2026-01-19 13:20:41,853 - DEBUG -     Dates found: Start='06/11/2025', End='30/11/2028'
2026-01-19 13:20:41,853 - DEBUG -     Quantity found at line 46: 1
2026-01-19 13:20:41,854 - DEBUG -     No price found, using 0.0
2026-01-19 13:20:41,854 - DEBUG -     Final: Part=D11C4LL, Desc=Planning Analytics, Start=06/11/2025, End=30/11/2028, Qty=1, Price=0.0
2026-01-19 13:20:41,855 - DEBUG -     ✓ Row added successfully
2026-01-19 13:20:41,855 - DEBUG - 
  Row 2 (line 54):
2026-01-19 13:20:41,856 - DEBUG -     Raw line: 'D1RJ6LL'
2026-01-19 13:20:41,856 - DEBUG -     Part Number found: 'D1RJ6LL'
2026-01-19 13:20:41,857 - DEBUG -     Description: 'Planning Analytics...'
2026-01-19 13:20:41,857 - DEBUG -     Found dates at line 58: ['06/11/2025']
2026-01-19 13:20:41,857 - DEBUG -     Found dates at line 59: ['30/11/2028']
2026-01-19 13:20:41,858 - DEBUG -     Dates found: Start='06/11/2025', End='30/11/2028'
2026-01-19 13:20:41,858 - DEBUG -     Quantity found at line 60: 2
2026-01-19 13:20:41,858 - DEBUG -     Price candidate at line 61: 8676.0
2026-01-19 13:20:41,859 - DEBUG -     Price candidate at line 61: 8676.0
2026-01-19 13:20:41,859 - DEBUG -     Price candidate at line 61: 676.0
2026-01-19 13:20:41,859 - DEBUG -     Price candidate at line 62: 17352.0
2026-01-19 13:20:41,860 - DEBUG -     Price candidate at line 62: 17352.0
2026-01-19 13:20:41,860 - DEBUG -     Price candidate at line 62: 352.0
2026-01-19 13:20:41,860 - DEBUG -     Price candidate at line 63: 44.24
2026-01-19 13:20:41,861 - DEBUG -     Price candidate at line 63: 44.24
2026-01-19 13:20:41,861 - DEBUG -     Price candidate at line 63: 44.24
2026-01-19 13:20:41,862 - DEBUG -     Price candidate at line 64: 4837.51
2026-01-19 13:20:41,862 - DEBUG -     Price candidate at line 64: 4837.51
2026-01-19 13:20:41,862 - DEBUG -     Price candidate at line 64: 837.51
2026-01-19 13:20:41,862 - DEBUG -     Price candidate at line 65: 9675.02
2026-01-19 13:20:41,863 - DEBUG -     Price candidate at line 65: 9675.02
2026-01-19 13:20:41,863 - DEBUG -     Price candidate at line 65: 675.02
2026-01-19 13:20:41,864 - DEBUG -     Selected Bid Ext SVP: 17352.0 (from line 62)
2026-01-19 13:20:41,864 - DEBUG -     Final: Part=D1RJ6LL, Desc=Planning Analytics, Start=06/11/2025, End=30/11/2028, Qty=2, Price=17352.0
2026-01-19 13:20:41,864 - DEBUG -     ✓ Row added successfully
2026-01-19 13:20:41,865 - DEBUG - 
  Row 3 (line 68):
2026-01-19 13:20:41,865 - DEBUG -     Raw line: 'D1RJ8LL'
2026-01-19 13:20:41,866 - DEBUG -     Part Number found: 'D1RJ8LL'
2026-01-19 13:20:41,866 - DEBUG -     Description: 'Planning Analytics...'
2026-01-19 13:20:41,866 - DEBUG -     Found dates at line 72: ['06/11/2025']
2026-01-19 13:20:41,867 - DEBUG -     Found dates at line 73: ['30/11/2028']
2026-01-19 13:20:41,867 - DEBUG -     Dates found: Start='06/11/2025', End='30/11/2028'
2026-01-19 13:20:41,868 - DEBUG -     Quantity found at line 74: 48
2026-01-19 13:20:41,868 - DEBUG -     Price candidate at line 74: 48.0
2026-01-19 13:20:41,868 - DEBUG -     Price candidate at line 74: 48.0
2026-01-19 13:20:41,869 - DEBUG -     Price candidate at line 74: 48.0
2026-01-19 13:20:41,869 - DEBUG -     Price candidate at line 75: 5796.0
2026-01-19 13:20:41,869 - DEBUG -     Price candidate at line 75: 5796.0
2026-01-19 13:20:41,869 - DEBUG -     Price candidate at line 75: 796.0
2026-01-19 13:20:41,870 - DEBUG -     Price candidate at line 76: 278208.0
2026-01-19 13:20:41,870 - DEBUG -     Price candidate at line 76: 278208.0
2026-01-19 13:20:41,870 - DEBUG -     Price candidate at line 76: 208.0
2026-01-19 13:20:41,871 - DEBUG -     Price candidate at line 77: 44.24
2026-01-19 13:20:41,871 - DEBUG -     Price candidate at line 77: 44.24
2026-01-19 13:20:41,874 - DEBUG -     Price candidate at line 77: 44.24
2026-01-19 13:20:41,874 - DEBUG -     Price candidate at line 78: 3231.7
2026-01-19 13:20:41,875 - DEBUG -     Price candidate at line 78: 3231.7
2026-01-19 13:20:41,875 - DEBUG -     Price candidate at line 78: 231.7
2026-01-19 13:20:41,876 - DEBUG -     Price candidate at line 79: 155121.6
2026-01-19 13:20:41,876 - DEBUG -     Price candidate at line 79: 155121.6
2026-01-19 13:20:41,877 - DEBUG -     Price candidate at line 79: 121.6
2026-01-19 13:20:41,877 - DEBUG -     Selected Bid Ext SVP: 278208.0 (from line 76)
2026-01-19 13:20:41,877 - DEBUG -     Final: Part=D1RJ8LL, Desc=Planning Analytics, Start=06/11/2025, End=30/11/2028, Qty=48, Price=278208.0
2026-01-19 13:20:41,878 - DEBUG -     ✓ Row added successfully
2026-01-19 13:20:41,879 - DEBUG - 
  Row 4 (line 82):
2026-01-19 13:20:41,880 - DEBUG -     Raw line: 'D0LW2ZX'
2026-01-19 13:20:41,880 - DEBUG -     Part Number found: 'D0LW2ZX'
2026-01-19 13:20:41,881 - DEBUG -     Description: 'Planning Analytics...'
2026-01-19 13:20:41,881 - DEBUG -     Found dates at line 86: ['06/11/2025']
2026-01-19 13:20:41,882 - DEBUG -     Found dates at line 87: ['30/11/2028']
2026-01-19 13:20:41,882 - DEBUG -     Dates found: Start='06/11/2025', End='30/11/2028'
2026-01-19 13:20:41,882 - DEBUG -     Quantity found at line 88: 5
2026-01-19 13:20:41,883 - DEBUG -     Price candidate at line 89: 1155.6
2026-01-19 13:20:41,883 - DEBUG -     Price candidate at line 89: 1155.6
2026-01-19 13:20:41,883 - DEBUG -     Price candidate at line 89: 155.6
2026-01-19 13:20:41,884 - DEBUG -     Price candidate at line 90: 5778.0
2026-01-19 13:20:41,884 - DEBUG -     Price candidate at line 90: 5778.0
2026-01-19 13:20:41,884 - DEBUG -     Price candidate at line 90: 778.0
2026-01-19 13:20:41,885 - DEBUG -     Price candidate at line 91: 44.24
2026-01-19 13:20:41,885 - DEBUG -     Price candidate at line 91: 44.24
2026-01-19 13:20:41,885 - DEBUG -     Price candidate at line 91: 44.24
2026-01-19 13:20:41,886 - DEBUG -     Price candidate at line 92: 644.34
2026-01-19 13:20:41,886 - DEBUG -     Price candidate at line 92: 644.34
2026-01-19 13:20:41,887 - DEBUG -     Price candidate at line 92: 644.34
2026-01-19 13:20:41,888 - DEBUG -     Price candidate at line 93: 3221.7
2026-01-19 13:20:41,888 - DEBUG -     Price candidate at line 93: 3221.7
2026-01-19 13:20:41,888 - DEBUG -     Price candidate at line 93: 221.7
2026-01-19 13:20:41,889 - DEBUG -     Selected Bid Ext SVP: 5778.0 (from line 90)
2026-01-19 13:20:41,889 - DEBUG -     Final: Part=D0LW2ZX, Desc=Planning Analytics, Start=06/11/2025, End=30/11/2028, Qty=5, Price=5778.0
2026-01-19 13:20:41,889 - DEBUG -     ✓ Row added successfully
2026-01-19 13:20:41,890 - DEBUG - 
  Row 5 (line 96):
2026-01-19 13:20:41,890 - DEBUG -     Raw line: 'D22RMLL'
2026-01-19 13:20:41,891 - DEBUG -     Part Number found: 'D22RMLL'
2026-01-19 13:20:41,891 - DEBUG -     Description: 'Planning Analytics...'
2026-01-19 13:20:41,892 - DEBUG -     Found dates at line 100: ['06/11/2025']
2026-01-19 13:20:41,892 - DEBUG -     Found dates at line 101: ['30/11/2028']
2026-01-19 13:20:41,892 - DEBUG -     Dates found: Start='06/11/2025', End='30/11/2028'
2026-01-19 13:20:41,893 - DEBUG -     Quantity found at line 102: 1
2026-01-19 13:20:41,893 - DEBUG -     Price candidate at line 103: 19260.0
2026-01-19 13:20:41,893 - DEBUG -     Price candidate at line 103: 19260.0
2026-01-19 13:20:41,894 - DEBUG -     Price candidate at line 103: 260.0
2026-01-19 13:20:41,894 - DEBUG -     Price candidate at line 104: 19260.0
2026-01-19 13:20:41,895 - DEBUG -     Price candidate at line 104: 19260.0
2026-01-19 13:20:41,895 - DEBUG -     Price candidate at line 104: 260.0
2026-01-19 13:20:41,895 - DEBUG -     Price candidate at line 105: 44.24
2026-01-19 13:20:41,896 - DEBUG -     Price candidate at line 105: 44.24
2026-01-19 13:20:41,897 - DEBUG -     Price candidate at line 105: 44.24
2026-01-19 13:20:41,897 - DEBUG -     Price candidate at line 106: 10738.89
2026-01-19 13:20:41,897 - DEBUG -     Price candidate at line 106: 10738.89
2026-01-19 13:20:41,898 - DEBUG -     Price candidate at line 106: 738.89
2026-01-19 13:20:41,898 - DEBUG -     Price candidate at line 107: 10738.89
2026-01-19 13:20:41,899 - DEBUG -     Price candidate at line 107: 10738.89
2026-01-19 13:20:41,899 - DEBUG -     Price candidate at line 107: 738.89
2026-01-19 13:20:41,900 - DEBUG -     Price candidate at line 113: 194301.32
2026-01-19 13:20:41,900 - DEBUG -     Price candidate at line 113: 194301.32
2026-01-19 13:20:41,900 - DEBUG -     Price candidate at line 113: 301.32
2026-01-19 13:20:41,901 - DEBUG -     Price candidate at line 115: 178757.21
2026-01-19 13:20:41,901 - DEBUG -     Price candidate at line 115: 178757.21
2026-01-19 13:20:41,901 - DEBUG -     Price candidate at line 115: 757.21
2026-01-19 13:20:41,902 - DEBUG -     Selected Bid Ext SVP: 194301.32 (from line 113)
2026-01-19 13:20:41,902 - DEBUG -     Final: Part=D22RMLL, Desc=Planning Analytics, Start=06/11/2025, End=30/11/2028, Qty=1, Price=194301.32
2026-01-19 13:20:41,902 - DEBUG -     ✓ Row added successfully
2026-01-19 13:20:41,903 - DEBUG - 
[STRATEGY 2 COMPLETE] Extracted 5 rows using text-based extraction
2026-01-19 13:20:41,904 - DEBUG - 
Final extracted data summary:
2026-01-19 13:20:41,904 - DEBUG -   Row 1: Part=D11C4LL, Qty=1, Price=0.0
2026-01-19 13:20:41,905 - DEBUG -   Row 2: Part=D1RJ6LL, Qty=2, Price=17352.0
2026-01-19 13:20:41,905 - DEBUG -   Row 3: Part=D1RJ8LL, Qty=48, Price=278208.0
2026-01-19 13:20:41,906 - DEBUG -   Row 4: Part=D0LW2ZX, Qty=5, Price=5778.0
2026-01-19 13:20:41,906 - DEBUG -   Row 5: Part=D22RMLL, Qty=1, Price=194301.32
2026-01-19 13:20:41,907 - DEBUG - ================================================================================

