2026-01-20 14:43:34,752 - DEBUG - ================================================================================
2026-01-20 14:43:34,753 - DEBUG - MIBB HEADER EXTRACTION STARTED
2026-01-20 14:43:34,754 - DEBUG - ================================================================================
2026-01-20 14:43:34,757 - DEBUG - PDF opened successfully: 5 pages
2026-01-20 14:43:34,767 - DEBUG - Page 1: Extracted 25 lines
2026-01-20 14:43:34,774 - DEBUG - Page 2: Extracted 80 lines
2026-01-20 14:43:34,776 - DEBUG - Page 3: Extracted 22 lines
2026-01-20 14:43:34,788 - DEBUG - Page 4: Extracted 33 lines
2026-01-20 14:43:34,799 - DEBUG - Page 5: Extracted 36 lines
2026-01-20 14:43:34,799 - DEBUG - Total lines extracted: 196
2026-01-20 14:43:34,800 - DEBUG - 
First 50 lines of PDF:
2026-01-20 14:43:34,801 - DEBUG -   Line   0: Page 1 of 5
2026-01-20 14:43:34,801 - DEBUG -   Line   1: Customer Information
2026-01-20 14:43:34,801 - DEBUG -   Line   2: Customer Name: AFRICAN DEVELOPMENT BANK
2026-01-20 14:43:34,802 - DEBUG -   Line   3: Address: 339 Witch-Hazel Avenue, Highveld Extension 78, Centurion 0157, South Africa
2026-01-20 14:43:34,802 - DEBUG -   Line   4: City: Abidjan
2026-01-20 14:43:34,802 - DEBUG -   Line   5: Country: Ivory Coast
2026-01-20 14:43:34,803 - DEBUG -   Line   6: Government Entity (GOE): No
2026-01-20 14:43:34,807 - DEBUG -   Line   7: Bid Request Information
2026-01-20 14:43:34,808 - DEBUG -   Line   8: Bid Number: 00374505
2026-01-20 14:43:34,809 - DEBUG -   Line   9: Bid Effective Date: 2026-01-19
2026-01-20 14:43:34,809 - DEBUG -   Line  10: Bid Expiration Date: 2026-03-31
2026-01-20 14:43:34,810 - DEBUG -   Line  11: Date Bid Sent: 2026-01-19
2026-01-20 14:43:34,811 - DEBUG -   Line  12: Distributor Name: Mindware FZ LLC
2026-01-20 14:43:34,811 - DEBUG -   Line  13: Reseller Name: CFAO Technologies Cote-d'Ivoire
2026-01-20 14:43:34,812 - DEBUG -   Line  14: Business Partner of Record: Yes
2026-01-20 14:43:34,813 - DEBUG -   Line  15: Opportunity Owner: Ahmed Hamdy
2026-01-20 14:43:34,814 - DEBUG -   Line  16: Currency: USD
2026-01-20 14:43:34,814 - DEBUG -   Line  17: Payment Terms: 60 days
2026-01-20 14:43:34,815 - DEBUG -   Line  18: Site ID:
2026-01-20 14:43:34,815 - DEBUG -   Line  19: MIBB INTERNATIONAL FZ-LLC
2026-01-20 14:43:34,816 - DEBUG -   Line  20: MIBB INTERNATIONAL FZ-LLC
2026-01-20 14:43:34,816 - DEBUG -   Line  21: Office Park Block D
2026-01-20 14:43:34,817 - DEBUG -   Line  22: Dubai Internet City
2026-01-20 14:43:34,818 - DEBUG -   Line  23: Dubai, UAE
2026-01-20 14:43:34,819 - DEBUG -   Line  24: VAT: Reg no :104336463500001
2026-01-20 14:43:34,822 - DEBUG -   Line  25: Page 2 of 5
2026-01-20 14:43:34,823 - DEBUG -   Line  26: Perpetual(S&S) Renewal
2026-01-20 14:43:34,824 - DEBUG -   Line  27: Parts Information
2026-01-20 14:43:34,826 - DEBUG -   Line  28: #
2026-01-20 14:43:34,827 - DEBUG -   Line  29: Part Number
2026-01-20 14:43:34,828 - DEBUG -   Line  30: Description
2026-01-20 14:43:34,829 - DEBUG -   Line  31: Transaction Type
2026-01-20 14:43:34,830 - DEBUG -   Line  32: Billing
2026-01-20 14:43:34,830 - DEBUG -   Line  33: Points
2026-01-20 14:43:34,832 - DEBUG -   Line  34: Coverage Start
2026-01-20 14:43:34,833 - DEBUG -   Line  35: Coverage End
2026-01-20 14:43:34,833 - DEBUG -   Line  36: Quantity
2026-01-20 14:43:34,834 - DEBUG -   Line  37: Entitled Unit Entitled Extended
2026-01-20 14:43:34,835 - DEBUG -   Line  38: Discount%
2026-01-20 14:43:34,837 - DEBUG -   Line  39: Bid Unit SVP Bid Ext SVP
2026-01-20 14:43:34,837 - DEBUG -   Line  40: Channel
2026-01-20 14:43:34,838 - DEBUG -   Line  41: Margin
2026-01-20 14:43:34,839 - DEBUG -   Line  42: 1
2026-01-20 14:43:34,839 - DEBUG -   Line  43: E097JLL
2026-01-20 14:43:34,840 - DEBUG -   Line  44: IBM Content Collector for
2026-01-20 14:43:34,840 - DEBUG -   Line  45: SAP Applications
2026-01-20 14:43:34,841 - DEBUG -   Line  46: Authorized User Value
2026-01-20 14:43:34,842 - DEBUG -   Line  47: Unit Annual SW
2026-01-20 14:43:34,843 - DEBUG -   Line  48: Subscription & Support
2026-01-20 14:43:34,844 - DEBUG -   Line  49: Renewal
2026-01-20 14:43:34,845 - DEBUG - 
Parsing header information...
2026-01-20 14:43:34,846 - DEBUG -   [Line 2] Customer Name: 'Customer Name: AFRICAN DEVELOPMENT BANK'
2026-01-20 14:43:34,847 - DEBUG -   [Line 6] Government Entity (GOE): 'Bid Request Information'
2026-01-20 14:43:34,848 - DEBUG -   [Line 10] Bid Expiration Date: 'Bid Expiration Date: 2026-03-31'
2026-01-20 14:43:34,849 - DEBUG -   [Line 13] Reseller Name: 'Reseller Name: CFAO Technologies Cote-d'Ivoire'
2026-01-20 14:43:34,850 - DEBUG - 
Header extraction complete: 6 fields found
2026-01-20 14:43:34,851 - DEBUG - 
Extracted header information:
2026-01-20 14:43:34,851 - DEBUG -   Customer Name                      : Customer Name: AFRICAN DEVELOPMENT BANK
2026-01-20 14:43:34,853 - DEBUG -   Bid Number                         : Bid Number: 00374505
2026-01-20 14:43:34,854 - DEBUG -   Select Territory                   : 
2026-01-20 14:43:34,854 - DEBUG -   Government Entity (GOE)            : Bid Request Information
2026-01-20 14:43:34,855 - DEBUG -   Reseller Name                      : Reseller Name: CFAO Technologies Cote-d'Ivoire
2026-01-20 14:43:34,855 - DEBUG -   City                               : 
2026-01-20 14:43:34,856 - DEBUG -   Country                            : 
2026-01-20 14:43:34,857 - DEBUG -   Maximum End User Price (MEP)       : 
2026-01-20 14:43:34,857 - DEBUG -   Total Value Seller Revenue Opportunity: 
2026-01-20 14:43:34,858 - DEBUG -   Bid Expiration Date                : Bid Expiration Date: 2026-03-31
2026-01-20 14:43:34,858 - DEBUG -   Business Partner of Record         : Business Partner of Record: Yes
2026-01-20 14:43:34,859 - DEBUG - ================================================================================

2026-01-20 14:43:34,860 - DEBUG - ================================================================================
2026-01-20 14:43:34,860 - DEBUG - MIBB TABLE EXTRACTION STARTED
2026-01-20 14:43:34,861 - DEBUG - ================================================================================
2026-01-20 14:43:34,863 - DEBUG - PDF opened for table extraction: 5 pages
2026-01-20 14:43:34,875 - DEBUG - [PAGE SCAN] Candidate page 2: marker_score=1, header_score=6
2026-01-20 14:43:34,901 - DEBUG - [PAGE SELECT] Using page 2 (marker_score=1, header_score=6)
2026-01-20 14:43:34,902 - DEBUG - 
[STRATEGY 1] Attempting PyMuPDF table detection on page 2...
2026-01-20 14:43:35,207 - DEBUG - [STRATEGY 1 FAILED] PyMuPDF table detection error: object of type 'TableFinder' has no len()
2026-01-20 14:43:35,208 - DEBUG - Falling back to text-based extraction...
2026-01-20 14:43:35,208 - DEBUG - 
[STRATEGY 2] Text-based extraction (fallback) on page 2...
2026-01-20 14:43:35,212 - DEBUG - Extracted 80 lines from page 2 text
2026-01-20 14:43:35,213 - DEBUG - 
First 100 lines of page 2:
2026-01-20 14:43:35,213 - DEBUG -   Line   0: Page 2 of 5
2026-01-20 14:43:35,214 - DEBUG -   Line   1: Perpetual(S&S) Renewal
2026-01-20 14:43:35,215 - DEBUG -   Line   2: Parts Information
2026-01-20 14:43:35,216 - DEBUG -   Line   3: #
2026-01-20 14:43:35,217 - DEBUG -   Line   4: Part Number
2026-01-20 14:43:35,217 - DEBUG -   Line   5: Description
2026-01-20 14:43:35,220 - DEBUG -   Line   6: Transaction Type
2026-01-20 14:43:35,220 - DEBUG -   Line   7: Billing
2026-01-20 14:43:35,221 - DEBUG -   Line   8: Points
2026-01-20 14:43:35,222 - DEBUG -   Line   9: Coverage Start
2026-01-20 14:43:35,222 - DEBUG -   Line  10: Coverage End
2026-01-20 14:43:35,223 - DEBUG -   Line  11: Quantity
2026-01-20 14:43:35,224 - DEBUG -   Line  12: Entitled Unit Entitled Extended
2026-01-20 14:43:35,225 - DEBUG -   Line  13: Discount%
2026-01-20 14:43:35,226 - DEBUG -   Line  14: Bid Unit SVP Bid Ext SVP
2026-01-20 14:43:35,227 - DEBUG -   Line  15: Channel
2026-01-20 14:43:35,228 - DEBUG -   Line  16: Margin
2026-01-20 14:43:35,228 - DEBUG -   Line  17: 1
2026-01-20 14:43:35,229 - DEBUG -   Line  18: E097JLL
2026-01-20 14:43:35,230 - DEBUG -   Line  19: IBM Content Collector for
2026-01-20 14:43:35,230 - DEBUG -   Line  20: SAP Applications
2026-01-20 14:43:35,231 - DEBUG -   Line  21: Authorized User Value
2026-01-20 14:43:35,232 - DEBUG -   Line  22: Unit Annual SW
2026-01-20 14:43:35,233 - DEBUG -   Line  23: Subscription & Support
2026-01-20 14:43:35,234 - DEBUG -   Line  24: Renewal
2026-01-20 14:43:35,235 - DEBUG -   Line  25: Renewal
2026-01-20 14:43:35,236 - DEBUG -   Line  26: Upfront
2026-01-20 14:43:35,236 - DEBUG -   Line  27: 01/06/2025
2026-01-20 14:43:35,236 - DEBUG -   Line  28: 31/05/2026
2026-01-20 14:43:35,237 - DEBUG -   Line  29: 85.00
2026-01-20 14:43:35,237 - DEBUG -   Line  30: -
2026-01-20 14:43:35,237 - DEBUG -   Line  31: -
2026-01-20 14:43:35,239 - DEBUG -   Line  32: -
2026-01-20 14:43:35,240 - DEBUG -   Line  33: 186.56
2026-01-20 14:43:35,241 - DEBUG -   Line  34: 15,857.60
2026-01-20 14:43:35,242 - DEBUG -   Line  35: 0.00
2026-01-20 14:43:35,243 - DEBUG -   Line  36: 2
2026-01-20 14:43:35,244 - DEBUG -   Line  37: E0KEALL
2026-01-20 14:43:35,245 - DEBUG -   Line  38: IBM Enterprise Records
2026-01-20 14:43:35,246 - DEBUG -   Line  39: Foundation Add-On
2026-01-20 14:43:35,246 - DEBUG -   Line  40: Authorized User Value
2026-01-20 14:43:35,247 - DEBUG -   Line  41: Unit Annual SW
2026-01-20 14:43:35,247 - DEBUG -   Line  42: Subscription & Support
2026-01-20 14:43:35,248 - DEBUG -   Line  43: Renewal
2026-01-20 14:43:35,249 - DEBUG -   Line  44: Renewal
2026-01-20 14:43:35,249 - DEBUG -   Line  45: Upfront
2026-01-20 14:43:35,250 - DEBUG -   Line  46: 01/06/2025
2026-01-20 14:43:35,251 - DEBUG -   Line  47: 31/05/2026
2026-01-20 14:43:35,252 - DEBUG -   Line  48: 30.00
2026-01-20 14:43:35,254 - DEBUG -   Line  49: -
2026-01-20 14:43:35,254 - DEBUG -   Line  50: -
2026-01-20 14:43:35,255 - DEBUG -   Line  51: -
2026-01-20 14:43:35,260 - DEBUG -   Line  52: 99.58
2026-01-20 14:43:35,262 - DEBUG -   Line  53: 2,987.40
2026-01-20 14:43:35,264 - DEBUG -   Line  54: 0.00
2026-01-20 14:43:35,265 - DEBUG -   Line  55: 3
2026-01-20 14:43:35,266 - DEBUG -   Line  56: E0HQTLL
2026-01-20 14:43:35,268 - DEBUG -   Line  57: IBM Content Foundation
2026-01-20 14:43:35,269 - DEBUG -   Line  58: Authorized User Value
2026-01-20 14:43:35,270 - DEBUG -   Line  59: Unit Annual SW
2026-01-20 14:43:35,272 - DEBUG -   Line  60: Subscription & Support
2026-01-20 14:43:35,272 - DEBUG -   Line  61: Renewal
2026-01-20 14:43:35,274 - DEBUG -   Line  62: Renewal
2026-01-20 14:43:35,275 - DEBUG -   Line  63: Upfront
2026-01-20 14:43:35,279 - DEBUG -   Line  64: 01/06/2025
2026-01-20 14:43:35,280 - DEBUG -   Line  65: 31/05/2026
2026-01-20 14:43:35,281 - DEBUG -   Line  66: 838.00
2026-01-20 14:43:35,282 - DEBUG -   Line  67: -
2026-01-20 14:43:35,283 - DEBUG -   Line  68: -
2026-01-20 14:43:35,284 - DEBUG -   Line  69: -
2026-01-20 14:43:35,284 - DEBUG -   Line  70: 150.06
2026-01-20 14:43:35,285 - DEBUG -   Line  71: 125,750.28
2026-01-20 14:43:35,286 - DEBUG -   Line  72: 0.00
2026-01-20 14:43:35,286 - DEBUG -   Line  73: Autorenewal: No
2026-01-20 14:43:35,287 - DEBUG -   Line  74: Bid Extended Total includes any applicable Channel Margin
2026-01-20 14:43:35,287 - DEBUG -   Line  75: Current Transaction
2026-01-20 14:43:35,288 - DEBUG -   Line  76: Total Business Partner Price:
2026-01-20 14:43:35,288 - DEBUG -   Line  77: USD 144,595.28
2026-01-20 14:43:35,288 - DEBUG -   Line  78: Total Bid Price:
2026-01-20 14:43:35,289 - DEBUG -   Line  79: USD 144,595.28
2026-01-20 14:43:35,290 - DEBUG - 
Searching for table start marker...
2026-01-20 14:43:35,293 - DEBUG -   Found table start at line 2: 'Parts Information'
2026-01-20 14:43:35,294 - DEBUG - 
Searching for header line...
2026-01-20 14:43:35,295 - DEBUG -   Found header anchor at line 4: 'Part Number'
2026-01-20 14:43:35,297 - DEBUG - 
Extracting data rows starting from line 5:
2026-01-20 14:43:35,298 - DEBUG - 
  Row 1 (line 18):
2026-01-20 14:43:35,299 - DEBUG -     Raw line: 'E097JLL'
2026-01-20 14:43:35,300 - DEBUG -     Part Number found: 'E097JLL'
2026-01-20 14:43:35,301 - DEBUG -     Description: 'IBM Content Collector for...'
2026-01-20 14:43:35,301 - DEBUG -     Found dates at line 27: ['01/06/2025']
2026-01-20 14:43:35,303 - DEBUG -     Found dates at line 28: ['31/05/2026']
2026-01-20 14:43:35,304 - DEBUG -     Dates found: Start='01/06/2025', End='31/05/2026'
2026-01-20 14:43:35,305 - DEBUG -     Using default quantity: 1
2026-01-20 14:43:35,306 - DEBUG -     Found discount at line 29: 85.0%
2026-01-20 14:43:35,307 - DEBUG -     Price after discount at line 33: 186.56
2026-01-20 14:43:35,308 - DEBUG -     Price after discount at line 34: 15857.6
2026-01-20 14:43:35,308 - DEBUG -     Selected Bid Ext SVP (2nd price after discount): 15857.6 (from line 34)
2026-01-20 14:43:35,309 - DEBUG -     Final: Part=E097JLL, Desc=IBM Content Collector for, Start=01/06/2025, End=31/05/2026, Qty=1, Price=15857.6
2026-01-20 14:43:35,309 - DEBUG -     ✓ Row added successfully
2026-01-20 14:43:35,310 - DEBUG - 
  Row 2 (line 37):
2026-01-20 14:43:35,310 - DEBUG -     Raw line: 'E0KEALL'
2026-01-20 14:43:35,311 - DEBUG -     Part Number found: 'E0KEALL'
2026-01-20 14:43:35,311 - DEBUG -     Description: 'IBM Enterprise Records...'
2026-01-20 14:43:35,312 - DEBUG -     Found dates at line 46: ['01/06/2025']
2026-01-20 14:43:35,312 - DEBUG -     Found dates at line 47: ['31/05/2026']
2026-01-20 14:43:35,314 - DEBUG -     Dates found: Start='01/06/2025', End='31/05/2026'
2026-01-20 14:43:35,315 - DEBUG -     Using default quantity: 1
2026-01-20 14:43:35,316 - DEBUG -     Found discount at line 48: 30.0%
2026-01-20 14:43:35,319 - DEBUG -     Found discount at line 52: 99.58%
2026-01-20 14:43:35,321 - DEBUG -     Price after discount at line 53: 2987.4
2026-01-20 14:43:35,322 - DEBUG -     No Bid Ext SVP found, using 0.0
2026-01-20 14:43:35,322 - DEBUG -     Final: Part=E0KEALL, Desc=IBM Enterprise Records, Start=01/06/2025, End=31/05/2026, Qty=1, Price=0.0
2026-01-20 14:43:35,323 - DEBUG -     ✓ Row added successfully
2026-01-20 14:43:35,323 - DEBUG - 
  Row 3 (line 56):
2026-01-20 14:43:35,324 - DEBUG -     Raw line: 'E0HQTLL'
2026-01-20 14:43:35,324 - DEBUG -     Part Number found: 'E0HQTLL'
2026-01-20 14:43:35,325 - DEBUG -     Description: 'IBM Content Foundation...'
2026-01-20 14:43:35,326 - DEBUG -     Found dates at line 64: ['01/06/2025']
2026-01-20 14:43:35,326 - DEBUG -     Found dates at line 65: ['31/05/2026']
2026-01-20 14:43:35,326 - DEBUG -     Dates found: Start='01/06/2025', End='31/05/2026'
2026-01-20 14:43:35,327 - DEBUG -     Using default quantity: 1
2026-01-20 14:43:35,328 - DEBUG -     No Bid Ext SVP found, using 0.0
2026-01-20 14:43:35,328 - DEBUG -     Final: Part=E0HQTLL, Desc=IBM Content Foundation, Start=01/06/2025, End=31/05/2026, Qty=1, Price=0.0
2026-01-20 14:43:35,329 - DEBUG -     ✓ Row added successfully
2026-01-20 14:43:35,330 - DEBUG - 
[STRATEGY 2 COMPLETE] Extracted 3 rows using text-based extraction
2026-01-20 14:43:35,330 - DEBUG - 
Final extracted data summary:
2026-01-20 14:43:35,331 - DEBUG -   Row 1: Part=E097JLL, Qty=1, Price=15857.6
2026-01-20 14:43:35,331 - DEBUG -   Row 2: Part=E0KEALL, Qty=1, Price=0.0
2026-01-20 14:43:35,332 - DEBUG -   Row 3: Part=E0HQTLL, Qty=1, Price=0.0
2026-01-20 14:43:35,333 - DEBUG - ================================================================================

2026-01-20 14:43:37,762 - DEBUG - ================================================================================
2026-01-20 14:43:37,763 - DEBUG - MIBB HEADER EXTRACTION STARTED
2026-01-20 14:43:37,763 - DEBUG - ================================================================================
2026-01-20 14:43:37,765 - DEBUG - PDF opened successfully: 5 pages
2026-01-20 14:43:37,774 - DEBUG - Page 1: Extracted 25 lines
2026-01-20 14:43:37,781 - DEBUG - Page 2: Extracted 80 lines
2026-01-20 14:43:37,782 - DEBUG - Page 3: Extracted 22 lines
2026-01-20 14:43:37,791 - DEBUG - Page 4: Extracted 33 lines
2026-01-20 14:43:37,802 - DEBUG - Page 5: Extracted 36 lines
2026-01-20 14:43:37,803 - DEBUG - Total lines extracted: 196
2026-01-20 14:43:37,803 - DEBUG - 
First 50 lines of PDF:
2026-01-20 14:43:37,804 - DEBUG -   Line   0: Page 1 of 5
2026-01-20 14:43:37,804 - DEBUG -   Line   1: Customer Information
2026-01-20 14:43:37,805 - DEBUG -   Line   2: Customer Name: AFRICAN DEVELOPMENT BANK
2026-01-20 14:43:37,806 - DEBUG -   Line   3: Address: 339 Witch-Hazel Avenue, Highveld Extension 78, Centurion 0157, South Africa
2026-01-20 14:43:37,807 - DEBUG -   Line   4: City: Abidjan
2026-01-20 14:43:37,807 - DEBUG -   Line   5: Country: Ivory Coast
2026-01-20 14:43:37,808 - DEBUG -   Line   6: Government Entity (GOE): No
2026-01-20 14:43:37,809 - DEBUG -   Line   7: Bid Request Information
2026-01-20 14:43:37,810 - DEBUG -   Line   8: Bid Number: 00374505
2026-01-20 14:43:37,811 - DEBUG -   Line   9: Bid Effective Date: 2026-01-19
2026-01-20 14:43:37,811 - DEBUG -   Line  10: Bid Expiration Date: 2026-03-31
2026-01-20 14:43:37,812 - DEBUG -   Line  11: Date Bid Sent: 2026-01-19
2026-01-20 14:43:37,812 - DEBUG -   Line  12: Distributor Name: Mindware FZ LLC
2026-01-20 14:43:37,813 - DEBUG -   Line  13: Reseller Name: CFAO Technologies Cote-d'Ivoire
2026-01-20 14:43:37,813 - DEBUG -   Line  14: Business Partner of Record: Yes
2026-01-20 14:43:37,814 - DEBUG -   Line  15: Opportunity Owner: Ahmed Hamdy
2026-01-20 14:43:37,815 - DEBUG -   Line  16: Currency: USD
2026-01-20 14:43:37,815 - DEBUG -   Line  17: Payment Terms: 60 days
2026-01-20 14:43:37,816 - DEBUG -   Line  18: Site ID:
2026-01-20 14:43:37,816 - DEBUG -   Line  19: MIBB INTERNATIONAL FZ-LLC
2026-01-20 14:43:37,816 - DEBUG -   Line  20: MIBB INTERNATIONAL FZ-LLC
2026-01-20 14:43:37,817 - DEBUG -   Line  21: Office Park Block D
2026-01-20 14:43:37,817 - DEBUG -   Line  22: Dubai Internet City
2026-01-20 14:43:37,818 - DEBUG -   Line  23: Dubai, UAE
2026-01-20 14:43:37,818 - DEBUG -   Line  24: VAT: Reg no :104336463500001
2026-01-20 14:43:37,819 - DEBUG -   Line  25: Page 2 of 5
2026-01-20 14:43:37,820 - DEBUG -   Line  26: Perpetual(S&S) Renewal
2026-01-20 14:43:37,820 - DEBUG -   Line  27: Parts Information
2026-01-20 14:43:37,820 - DEBUG -   Line  28: #
2026-01-20 14:43:37,821 - DEBUG -   Line  29: Part Number
2026-01-20 14:43:37,821 - DEBUG -   Line  30: Description
2026-01-20 14:43:37,822 - DEBUG -   Line  31: Transaction Type
2026-01-20 14:43:37,822 - DEBUG -   Line  32: Billing
2026-01-20 14:43:37,823 - DEBUG -   Line  33: Points
2026-01-20 14:43:37,825 - DEBUG -   Line  34: Coverage Start
2026-01-20 14:43:37,826 - DEBUG -   Line  35: Coverage End
2026-01-20 14:43:37,826 - DEBUG -   Line  36: Quantity
2026-01-20 14:43:37,827 - DEBUG -   Line  37: Entitled Unit Entitled Extended
2026-01-20 14:43:37,828 - DEBUG -   Line  38: Discount%
2026-01-20 14:43:37,828 - DEBUG -   Line  39: Bid Unit SVP Bid Ext SVP
2026-01-20 14:43:37,829 - DEBUG -   Line  40: Channel
2026-01-20 14:43:37,830 - DEBUG -   Line  41: Margin
2026-01-20 14:43:37,830 - DEBUG -   Line  42: 1
2026-01-20 14:43:37,831 - DEBUG -   Line  43: E097JLL
2026-01-20 14:43:37,832 - DEBUG -   Line  44: IBM Content Collector for
2026-01-20 14:43:37,832 - DEBUG -   Line  45: SAP Applications
2026-01-20 14:43:37,833 - DEBUG -   Line  46: Authorized User Value
2026-01-20 14:43:37,833 - DEBUG -   Line  47: Unit Annual SW
2026-01-20 14:43:37,834 - DEBUG -   Line  48: Subscription & Support
2026-01-20 14:43:37,834 - DEBUG -   Line  49: Renewal
2026-01-20 14:43:37,835 - DEBUG - 
Parsing header information...
2026-01-20 14:43:37,837 - DEBUG -   [Line 2] Customer Name: 'Customer Name: AFRICAN DEVELOPMENT BANK'
2026-01-20 14:43:37,837 - DEBUG -   [Line 6] Government Entity (GOE): 'Bid Request Information'
2026-01-20 14:43:37,839 - DEBUG -   [Line 10] Bid Expiration Date: 'Bid Expiration Date: 2026-03-31'
2026-01-20 14:43:37,840 - DEBUG -   [Line 13] Reseller Name: 'Reseller Name: CFAO Technologies Cote-d'Ivoire'
2026-01-20 14:43:37,841 - DEBUG - 
Header extraction complete: 6 fields found
2026-01-20 14:43:37,841 - DEBUG - 
Extracted header information:
2026-01-20 14:43:37,843 - DEBUG -   Customer Name                      : Customer Name: AFRICAN DEVELOPMENT BANK
2026-01-20 14:43:37,843 - DEBUG -   Bid Number                         : Bid Number: 00374505
2026-01-20 14:43:37,844 - DEBUG -   Select Territory                   : 
2026-01-20 14:43:37,844 - DEBUG -   Government Entity (GOE)            : Bid Request Information
2026-01-20 14:43:37,844 - DEBUG -   Reseller Name                      : Reseller Name: CFAO Technologies Cote-d'Ivoire
2026-01-20 14:43:37,845 - DEBUG -   City                               : 
2026-01-20 14:43:37,845 - DEBUG -   Country                            : 
2026-01-20 14:43:37,846 - DEBUG -   Maximum End User Price (MEP)       : 
2026-01-20 14:43:37,846 - DEBUG -   Total Value Seller Revenue Opportunity: 
2026-01-20 14:43:37,846 - DEBUG -   Bid Expiration Date                : Bid Expiration Date: 2026-03-31
2026-01-20 14:43:37,847 - DEBUG -   Business Partner of Record         : Business Partner of Record: Yes
2026-01-20 14:43:37,847 - DEBUG - ================================================================================

2026-01-20 14:43:37,848 - DEBUG - ================================================================================
2026-01-20 14:43:37,848 - DEBUG - MIBB TABLE EXTRACTION STARTED
2026-01-20 14:43:37,849 - DEBUG - ================================================================================
2026-01-20 14:43:37,850 - DEBUG - PDF opened for table extraction: 5 pages
2026-01-20 14:43:37,864 - DEBUG - [PAGE SCAN] Candidate page 2: marker_score=1, header_score=6
2026-01-20 14:43:37,886 - DEBUG - [PAGE SELECT] Using page 2 (marker_score=1, header_score=6)
2026-01-20 14:43:37,887 - DEBUG - 
[STRATEGY 1] Attempting PyMuPDF table detection on page 2...
2026-01-20 14:43:38,082 - DEBUG - [STRATEGY 1 FAILED] PyMuPDF table detection error: object of type 'TableFinder' has no len()
2026-01-20 14:43:38,082 - DEBUG - Falling back to text-based extraction...
2026-01-20 14:43:38,083 - DEBUG - 
[STRATEGY 2] Text-based extraction (fallback) on page 2...
2026-01-20 14:43:38,084 - DEBUG - Extracted 80 lines from page 2 text
2026-01-20 14:43:38,085 - DEBUG - 
First 100 lines of page 2:
2026-01-20 14:43:38,085 - DEBUG -   Line   0: Page 2 of 5
2026-01-20 14:43:38,085 - DEBUG -   Line   1: Perpetual(S&S) Renewal
2026-01-20 14:43:38,086 - DEBUG -   Line   2: Parts Information
2026-01-20 14:43:38,086 - DEBUG -   Line   3: #
2026-01-20 14:43:38,086 - DEBUG -   Line   4: Part Number
2026-01-20 14:43:38,086 - DEBUG -   Line   5: Description
2026-01-20 14:43:38,086 - DEBUG -   Line   6: Transaction Type
2026-01-20 14:43:38,087 - DEBUG -   Line   7: Billing
2026-01-20 14:43:38,087 - DEBUG -   Line   8: Points
2026-01-20 14:43:38,087 - DEBUG -   Line   9: Coverage Start
2026-01-20 14:43:38,087 - DEBUG -   Line  10: Coverage End
2026-01-20 14:43:38,087 - DEBUG -   Line  11: Quantity
2026-01-20 14:43:38,088 - DEBUG -   Line  12: Entitled Unit Entitled Extended
2026-01-20 14:43:38,088 - DEBUG -   Line  13: Discount%
2026-01-20 14:43:38,088 - DEBUG -   Line  14: Bid Unit SVP Bid Ext SVP
2026-01-20 14:43:38,088 - DEBUG -   Line  15: Channel
2026-01-20 14:43:38,088 - DEBUG -   Line  16: Margin
2026-01-20 14:43:38,088 - DEBUG -   Line  17: 1
2026-01-20 14:43:38,089 - DEBUG -   Line  18: E097JLL
2026-01-20 14:43:38,089 - DEBUG -   Line  19: IBM Content Collector for
2026-01-20 14:43:38,089 - DEBUG -   Line  20: SAP Applications
2026-01-20 14:43:38,090 - DEBUG -   Line  21: Authorized User Value
2026-01-20 14:43:38,090 - DEBUG -   Line  22: Unit Annual SW
2026-01-20 14:43:38,090 - DEBUG -   Line  23: Subscription & Support
2026-01-20 14:43:38,090 - DEBUG -   Line  24: Renewal
2026-01-20 14:43:38,090 - DEBUG -   Line  25: Renewal
2026-01-20 14:43:38,090 - DEBUG -   Line  26: Upfront
2026-01-20 14:43:38,091 - DEBUG -   Line  27: 01/06/2025
2026-01-20 14:43:38,091 - DEBUG -   Line  28: 31/05/2026
2026-01-20 14:43:38,091 - DEBUG -   Line  29: 85.00
2026-01-20 14:43:38,092 - DEBUG -   Line  30: -
2026-01-20 14:43:38,092 - DEBUG -   Line  31: -
2026-01-20 14:43:38,092 - DEBUG -   Line  32: -
2026-01-20 14:43:38,092 - DEBUG -   Line  33: 186.56
2026-01-20 14:43:38,093 - DEBUG -   Line  34: 15,857.60
2026-01-20 14:43:38,093 - DEBUG -   Line  35: 0.00
2026-01-20 14:43:38,093 - DEBUG -   Line  36: 2
2026-01-20 14:43:38,093 - DEBUG -   Line  37: E0KEALL
2026-01-20 14:43:38,093 - DEBUG -   Line  38: IBM Enterprise Records
2026-01-20 14:43:38,094 - DEBUG -   Line  39: Foundation Add-On
2026-01-20 14:43:38,094 - DEBUG -   Line  40: Authorized User Value
2026-01-20 14:43:38,094 - DEBUG -   Line  41: Unit Annual SW
2026-01-20 14:43:38,095 - DEBUG -   Line  42: Subscription & Support
2026-01-20 14:43:38,095 - DEBUG -   Line  43: Renewal
2026-01-20 14:43:38,095 - DEBUG -   Line  44: Renewal
2026-01-20 14:43:38,095 - DEBUG -   Line  45: Upfront
2026-01-20 14:43:38,096 - DEBUG -   Line  46: 01/06/2025
2026-01-20 14:43:38,096 - DEBUG -   Line  47: 31/05/2026
2026-01-20 14:43:38,096 - DEBUG -   Line  48: 30.00
2026-01-20 14:43:38,097 - DEBUG -   Line  49: -
2026-01-20 14:43:38,097 - DEBUG -   Line  50: -
2026-01-20 14:43:38,097 - DEBUG -   Line  51: -
2026-01-20 14:43:38,097 - DEBUG -   Line  52: 99.58
2026-01-20 14:43:38,098 - DEBUG -   Line  53: 2,987.40
2026-01-20 14:43:38,098 - DEBUG -   Line  54: 0.00
2026-01-20 14:43:38,098 - DEBUG -   Line  55: 3
2026-01-20 14:43:38,098 - DEBUG -   Line  56: E0HQTLL
2026-01-20 14:43:38,099 - DEBUG -   Line  57: IBM Content Foundation
2026-01-20 14:43:38,099 - DEBUG -   Line  58: Authorized User Value
2026-01-20 14:43:38,099 - DEBUG -   Line  59: Unit Annual SW
2026-01-20 14:43:38,099 - DEBUG -   Line  60: Subscription & Support
2026-01-20 14:43:38,100 - DEBUG -   Line  61: Renewal
2026-01-20 14:43:38,100 - DEBUG -   Line  62: Renewal
2026-01-20 14:43:38,100 - DEBUG -   Line  63: Upfront
2026-01-20 14:43:38,100 - DEBUG -   Line  64: 01/06/2025
2026-01-20 14:43:38,101 - DEBUG -   Line  65: 31/05/2026
2026-01-20 14:43:38,101 - DEBUG -   Line  66: 838.00
2026-01-20 14:43:38,101 - DEBUG -   Line  67: -
2026-01-20 14:43:38,101 - DEBUG -   Line  68: -
2026-01-20 14:43:38,101 - DEBUG -   Line  69: -
2026-01-20 14:43:38,102 - DEBUG -   Line  70: 150.06
2026-01-20 14:43:38,102 - DEBUG -   Line  71: 125,750.28
2026-01-20 14:43:38,102 - DEBUG -   Line  72: 0.00
2026-01-20 14:43:38,103 - DEBUG -   Line  73: Autorenewal: No
2026-01-20 14:43:38,103 - DEBUG -   Line  74: Bid Extended Total includes any applicable Channel Margin
2026-01-20 14:43:38,103 - DEBUG -   Line  75: Current Transaction
2026-01-20 14:43:38,103 - DEBUG -   Line  76: Total Business Partner Price:
2026-01-20 14:43:38,104 - DEBUG -   Line  77: USD 144,595.28
2026-01-20 14:43:38,104 - DEBUG -   Line  78: Total Bid Price:
2026-01-20 14:43:38,104 - DEBUG -   Line  79: USD 144,595.28
2026-01-20 14:43:38,105 - DEBUG - 
Searching for table start marker...
2026-01-20 14:43:38,105 - DEBUG -   Found table start at line 2: 'Parts Information'
2026-01-20 14:43:38,105 - DEBUG - 
Searching for header line...
2026-01-20 14:43:38,105 - DEBUG -   Found header anchor at line 4: 'Part Number'
2026-01-20 14:43:38,106 - DEBUG - 
Extracting data rows starting from line 5:
2026-01-20 14:43:38,106 - DEBUG - 
  Row 1 (line 18):
2026-01-20 14:43:38,106 - DEBUG -     Raw line: 'E097JLL'
2026-01-20 14:43:38,106 - DEBUG -     Part Number found: 'E097JLL'
2026-01-20 14:43:38,107 - DEBUG -     Description: 'IBM Content Collector for...'
2026-01-20 14:43:38,107 - DEBUG -     Found dates at line 27: ['01/06/2025']
2026-01-20 14:43:38,107 - DEBUG -     Found dates at line 28: ['31/05/2026']
2026-01-20 14:43:38,108 - DEBUG -     Dates found: Start='01/06/2025', End='31/05/2026'
2026-01-20 14:43:38,109 - DEBUG -     Using default quantity: 1
2026-01-20 14:43:38,109 - DEBUG -     Found discount at line 29: 85.0%
2026-01-20 14:43:38,109 - DEBUG -     Price after discount at line 33: 186.56
2026-01-20 14:43:38,109 - DEBUG -     Price after discount at line 34: 15857.6
2026-01-20 14:43:38,110 - DEBUG -     Selected Bid Ext SVP (2nd price after discount): 15857.6 (from line 34)
2026-01-20 14:43:38,110 - DEBUG -     Final: Part=E097JLL, Desc=IBM Content Collector for, Start=01/06/2025, End=31/05/2026, Qty=1, Price=15857.6
2026-01-20 14:43:38,110 - DEBUG -     ✓ Row added successfully
2026-01-20 14:43:38,110 - DEBUG - 
  Row 2 (line 37):
2026-01-20 14:43:38,111 - DEBUG -     Raw line: 'E0KEALL'
2026-01-20 14:43:38,111 - DEBUG -     Part Number found: 'E0KEALL'
2026-01-20 14:43:38,111 - DEBUG -     Description: 'IBM Enterprise Records...'
2026-01-20 14:43:38,111 - DEBUG -     Found dates at line 46: ['01/06/2025']
2026-01-20 14:43:38,112 - DEBUG -     Found dates at line 47: ['31/05/2026']
2026-01-20 14:43:38,112 - DEBUG -     Dates found: Start='01/06/2025', End='31/05/2026'
2026-01-20 14:43:38,112 - DEBUG -     Using default quantity: 1
2026-01-20 14:43:38,112 - DEBUG -     Found discount at line 48: 30.0%
2026-01-20 14:43:38,113 - DEBUG -     Found discount at line 52: 99.58%
2026-01-20 14:43:38,113 - DEBUG -     Price after discount at line 53: 2987.4
2026-01-20 14:43:38,113 - DEBUG -     No Bid Ext SVP found, using 0.0
2026-01-20 14:43:38,113 - DEBUG -     Final: Part=E0KEALL, Desc=IBM Enterprise Records, Start=01/06/2025, End=31/05/2026, Qty=1, Price=0.0
2026-01-20 14:43:38,114 - DEBUG -     ✓ Row added successfully
2026-01-20 14:43:38,115 - DEBUG - 
  Row 3 (line 56):
2026-01-20 14:43:38,115 - DEBUG -     Raw line: 'E0HQTLL'
2026-01-20 14:43:38,115 - DEBUG -     Part Number found: 'E0HQTLL'
2026-01-20 14:43:38,116 - DEBUG -     Description: 'IBM Content Foundation...'
2026-01-20 14:43:38,116 - DEBUG -     Found dates at line 64: ['01/06/2025']
2026-01-20 14:43:38,116 - DEBUG -     Found dates at line 65: ['31/05/2026']
2026-01-20 14:43:38,116 - DEBUG -     Dates found: Start='01/06/2025', End='31/05/2026'
2026-01-20 14:43:38,117 - DEBUG -     Using default quantity: 1
2026-01-20 14:43:38,117 - DEBUG -     No Bid Ext SVP found, using 0.0
2026-01-20 14:43:38,117 - DEBUG -     Final: Part=E0HQTLL, Desc=IBM Content Foundation, Start=01/06/2025, End=31/05/2026, Qty=1, Price=0.0
2026-01-20 14:43:38,117 - DEBUG -     ✓ Row added successfully
2026-01-20 14:43:38,117 - DEBUG - 
[STRATEGY 2 COMPLETE] Extracted 3 rows using text-based extraction
2026-01-20 14:43:38,118 - DEBUG - 
Final extracted data summary:
2026-01-20 14:43:38,118 - DEBUG -   Row 1: Part=E097JLL, Qty=1, Price=15857.6
2026-01-20 14:43:38,118 - DEBUG -   Row 2: Part=E0KEALL, Qty=1, Price=0.0
2026-01-20 14:43:38,119 - DEBUG -   Row 3: Part=E0HQTLL, Qty=1, Price=0.0
2026-01-20 14:43:38,119 - DEBUG - ================================================================================

