2026-01-19 13:13:50,362 - DEBUG - ================================================================================
2026-01-19 13:13:50,364 - DEBUG - MIBB HEADER EXTRACTION STARTED
2026-01-19 13:13:50,364 - DEBUG - ================================================================================
2026-01-19 13:13:50,366 - DEBUG - PDF opened successfully: 5 pages
2026-01-19 13:13:50,377 - DEBUG - Page 1: Extracted 25 lines
2026-01-19 13:13:50,389 - DEBUG - Page 2: Extracted 116 lines
2026-01-19 13:13:50,395 - DEBUG - Page 3: Extracted 102 lines
2026-01-19 13:13:50,406 - DEBUG - Page 4: Extracted 33 lines
2026-01-19 13:13:50,416 - DEBUG - Page 5: Extracted 36 lines
2026-01-19 13:13:50,417 - DEBUG - Total lines extracted: 312
2026-01-19 13:13:50,417 - DEBUG - 
First 50 lines of PDF:
2026-01-19 13:13:50,417 - DEBUG -   Line   0: Page 1 of 5
2026-01-19 13:13:50,419 - DEBUG -   Line   1: Customer Information
2026-01-19 13:13:50,419 - DEBUG -   Line   2: Customer Name: Orange Botswana [Pty] Ltd
2026-01-19 13:13:50,419 - DEBUG -   Line   3: Address: Botswana
2026-01-19 13:13:50,419 - DEBUG -   Line   4: City: Gaborone
2026-01-19 13:13:50,420 - DEBUG -   Line   5: Country: Botswana
2026-01-19 13:13:50,420 - DEBUG -   Line   6: Government Entity (GOE): No
2026-01-19 13:13:50,420 - DEBUG -   Line   7: Bid Request Information
2026-01-19 13:13:50,420 - DEBUG -   Line   8: Bid Number: 00358346
2026-01-19 13:13:50,420 - DEBUG -   Line   9: Bid Effective Date: 2025-11-21
2026-01-19 13:13:50,422 - DEBUG -   Line  10: Bid Expiration Date: 2025-12-31
2026-01-19 13:13:50,422 - DEBUG -   Line  11: Date Bid Sent: 2025-11-21
2026-01-19 13:13:50,422 - DEBUG -   Line  12: Distributor Name: Mindware FZ LLC
2026-01-19 13:13:50,423 - DEBUG -   Line  13: Reseller Name: CUBEWISE AFRICA SN SAS
2026-01-19 13:13:50,423 - DEBUG -   Line  14: Business Partner of Record: No
2026-01-19 13:13:50,424 - DEBUG -   Line  15: Opportunity Owner: Ted Ochola
2026-01-19 13:13:50,424 - DEBUG -   Line  16: Currency: USD
2026-01-19 13:13:50,424 - DEBUG -   Line  17: Payment Terms: 30 days
2026-01-19 13:13:50,425 - DEBUG -   Line  18: Site ID:
2026-01-19 13:13:50,425 - DEBUG -   Line  19: MIBB INTERNATIONAL FZ-LLC
2026-01-19 13:13:50,426 - DEBUG -   Line  20: MIBB INTERNATIONAL FZ-LLC
2026-01-19 13:13:50,426 - DEBUG -   Line  21: Office Park Block D
2026-01-19 13:13:50,426 - DEBUG -   Line  22: Dubai Internet City
2026-01-19 13:13:50,427 - DEBUG -   Line  23: Dubai, UAE
2026-01-19 13:13:50,427 - DEBUG -   Line  24: VAT: Reg no :104336463500001
2026-01-19 13:13:50,428 - DEBUG -   Line  25: Page 2 of 5
2026-01-19 13:13:50,429 - DEBUG -   Line  26: Overage Quotation
2026-01-19 13:13:50,430 - DEBUG -   Line  27: #
2026-01-19 13:13:50,430 - DEBUG -   Line  28: Part Number
2026-01-19 13:13:50,430 - DEBUG -   Line  29: Description
2026-01-19 13:13:50,430 - DEBUG -   Line  30: Customer Unit Price
2026-01-19 13:13:50,431 - DEBUG -   Line  31: Quantity
2026-01-19 13:13:50,431 - DEBUG -   Line  32: Quote Rate
2026-01-19 13:13:50,432 - DEBUG -   Line  33: Quote Unit Price
2026-01-19 13:13:50,433 - DEBUG -   Line  34: 1
2026-01-19 13:13:50,433 - DEBUG -   Line  35: D1RJ7LL
2026-01-19 13:13:50,433 - DEBUG -   Line  36: Planning Analytics
2026-01-19 13:13:50,434 - DEBUG -   Line  37: 314.00
2026-01-19 13:13:50,434 - DEBUG -   Line  38: N/A
2026-01-19 13:13:50,434 - DEBUG -   Line  39: 314.00
2026-01-19 13:13:50,435 - DEBUG -   Line  40: 314.00
2026-01-19 13:13:50,435 - DEBUG -   Line  41: 2
2026-01-19 13:13:50,436 - DEBUG -   Line  42: D1RJ9LL
2026-01-19 13:13:50,436 - DEBUG -   Line  43: Planning Analytics
2026-01-19 13:13:50,437 - DEBUG -   Line  44: 209.00
2026-01-19 13:13:50,437 - DEBUG -   Line  45: N/A
2026-01-19 13:13:50,438 - DEBUG -   Line  46: 209.00
2026-01-19 13:13:50,438 - DEBUG -   Line  47: 209.00
2026-01-19 13:13:50,438 - DEBUG -   Line  48: Subscription Quotation
2026-01-19 13:13:50,439 - DEBUG -   Line  49: Parts Information
2026-01-19 13:13:50,439 - DEBUG - 
Parsing header information...
2026-01-19 13:13:50,440 - DEBUG -   [Line 2] Customer Name: 'Address: Botswana'
2026-01-19 13:13:50,440 - DEBUG -   [Line 4] City: 'Country: Botswana'
2026-01-19 13:13:50,441 - DEBUG -   [Line 5] Country: 'Government Entity (GOE): No'
2026-01-19 13:13:50,441 - DEBUG -   [Line 6] Government Entity (GOE): 'Bid Request Information'
2026-01-19 13:13:50,442 - DEBUG -   [Line 8] Bid Number: 'Bid Effective Date: 2025-11-21'
2026-01-19 13:13:50,443 - DEBUG -   [Line 10] Bid Expiration Date: 'Date Bid Sent: 2025-11-21'
2026-01-19 13:13:50,443 - DEBUG -   [Line 13] Reseller Name: 'Business Partner of Record: No'
2026-01-19 13:13:50,444 - DEBUG - 
Header extraction complete: 7 fields found
2026-01-19 13:13:50,445 - DEBUG - 
Extracted header information:
2026-01-19 13:13:50,445 - DEBUG -   Customer Name                      : Address: Botswana
2026-01-19 13:13:50,446 - DEBUG -   Bid Number                         : Bid Effective Date: 2025-11-21
2026-01-19 13:13:50,447 - DEBUG -   PA Agreement Number                : 
2026-01-19 13:13:50,449 - DEBUG -   PA Site Number                     : 
2026-01-19 13:13:50,449 - DEBUG -   Select Territory                   : 
2026-01-19 13:13:50,449 - DEBUG -   Government Entity (GOE)            : Bid Request Information
2026-01-19 13:13:50,450 - DEBUG -   Reseller Name                      : Business Partner of Record: No
2026-01-19 13:13:50,450 - DEBUG -   City                               : Country: Botswana
2026-01-19 13:13:50,450 - DEBUG -   Country                            : Government Entity (GOE): No
2026-01-19 13:13:50,451 - DEBUG -   Maximum End User Price (MEP)       : 
2026-01-19 13:13:50,451 - DEBUG -   Total Value Seller Revenue Opportunity: 
2026-01-19 13:13:50,451 - DEBUG -   Bid Expiration Date                : Date Bid Sent: 2025-11-21
2026-01-19 13:13:50,452 - DEBUG - ================================================================================

2026-01-19 13:13:50,453 - DEBUG - ================================================================================
2026-01-19 13:13:50,453 - DEBUG - MIBB TABLE EXTRACTION STARTED
2026-01-19 13:13:50,453 - DEBUG - ================================================================================
2026-01-19 13:13:50,454 - DEBUG - PDF opened for table extraction: 5 pages
2026-01-19 13:13:50,468 - DEBUG - [PAGE SCAN] Candidate page 2: marker_score=2, header_score=6
2026-01-19 13:13:50,494 - DEBUG - [PAGE SELECT] Using page 2 (marker_score=2, header_score=6)
2026-01-19 13:13:50,495 - DEBUG - 
[STRATEGY 1] Attempting PyMuPDF table detection on page 2...
2026-01-19 13:13:50,830 - DEBUG - [STRATEGY 1 FAILED] PyMuPDF table detection error: object of type 'TableFinder' has no len()
2026-01-19 13:13:50,832 - DEBUG - Falling back to text-based extraction...
2026-01-19 13:13:50,832 - DEBUG - 
[STRATEGY 2] Text-based extraction (fallback) on page 2...
2026-01-19 13:13:50,836 - DEBUG - Extracted 116 lines from page 2 text
2026-01-19 13:13:50,836 - DEBUG - 
First 100 lines of page 2:
2026-01-19 13:13:50,837 - DEBUG -   Line   0: Page 2 of 5
2026-01-19 13:13:50,838 - DEBUG -   Line   1: Overage Quotation
2026-01-19 13:13:50,838 - DEBUG -   Line   2: #
2026-01-19 13:13:50,838 - DEBUG -   Line   3: Part Number
2026-01-19 13:13:50,839 - DEBUG -   Line   4: Description
2026-01-19 13:13:50,839 - DEBUG -   Line   5: Customer Unit Price
2026-01-19 13:13:50,839 - DEBUG -   Line   6: Quantity
2026-01-19 13:13:50,839 - DEBUG -   Line   7: Quote Rate
2026-01-19 13:13:50,840 - DEBUG -   Line   8: Quote Unit Price
2026-01-19 13:13:50,840 - DEBUG -   Line   9: 1
2026-01-19 13:13:50,841 - DEBUG -   Line  10: D1RJ7LL
2026-01-19 13:13:50,842 - DEBUG -   Line  11: Planning Analytics
2026-01-19 13:13:50,842 - DEBUG -   Line  12: 314.00
2026-01-19 13:13:50,842 - DEBUG -   Line  13: N/A
2026-01-19 13:13:50,843 - DEBUG -   Line  14: 314.00
2026-01-19 13:13:50,844 - DEBUG -   Line  15: 314.00
2026-01-19 13:13:50,845 - DEBUG -   Line  16: 2
2026-01-19 13:13:50,845 - DEBUG -   Line  17: D1RJ9LL
2026-01-19 13:13:50,846 - DEBUG -   Line  18: Planning Analytics
2026-01-19 13:13:50,846 - DEBUG -   Line  19: 209.00
2026-01-19 13:13:50,847 - DEBUG -   Line  20: N/A
2026-01-19 13:13:50,848 - DEBUG -   Line  21: 209.00
2026-01-19 13:13:50,849 - DEBUG -   Line  22: 209.00
2026-01-19 13:13:50,849 - DEBUG -   Line  23: Subscription Quotation
2026-01-19 13:13:50,849 - DEBUG -   Line  24: Parts Information
2026-01-19 13:13:50,850 - DEBUG -   Line  25: #
2026-01-19 13:13:50,850 - DEBUG -   Line  26: Part Number
2026-01-19 13:13:50,850 - DEBUG -   Line  27: Description
2026-01-19 13:13:50,850 - DEBUG -   Line  28: Transaction Type
2026-01-19 13:13:50,851 - DEBUG -   Line  29: Billing
2026-01-19 13:13:50,851 - DEBUG -   Line  30: Points
2026-01-19 13:13:50,851 - DEBUG -   Line  31: Coverage Start
2026-01-19 13:13:50,852 - DEBUG -   Line  32: Coverage End
2026-01-19 13:13:50,853 - DEBUG -   Line  33: Quantity
2026-01-19 13:13:50,853 - DEBUG -   Line  34: Entitled Unit Entitled Extended
2026-01-19 13:13:50,853 - DEBUG -   Line  35: Discount%
2026-01-19 13:13:50,853 - DEBUG -   Line  36: Bid Unit SVP Bid Ext SVP
2026-01-19 13:13:50,854 - DEBUG -   Line  37: Channel
2026-01-19 13:13:50,855 - DEBUG -   Line  38: Margin
2026-01-19 13:13:50,855 - DEBUG -   Line  39: 1
2026-01-19 13:13:50,855 - DEBUG -   Line  40: D11C4LL
2026-01-19 13:13:50,856 - DEBUG -   Line  41: Planning Analytics
2026-01-19 13:13:50,856 - DEBUG -   Line  42: New
2026-01-19 13:13:50,857 - DEBUG -   Line  43: Upfront
2026-01-19 13:13:50,857 - DEBUG -   Line  44: 06/11/2025
2026-01-19 13:13:50,857 - DEBUG -   Line  45: 30/11/2028
2026-01-19 13:13:50,858 - DEBUG -   Line  46: 1.00
2026-01-19 13:13:50,858 - DEBUG -   Line  47: 0.00
2026-01-19 13:13:50,858 - DEBUG -   Line  48: 0.00
2026-01-19 13:13:50,859 - DEBUG -   Line  49: 0.00
2026-01-19 13:13:50,859 - DEBUG -   Line  50: 0.00
2026-01-19 13:13:50,859 - DEBUG -   Line  51: 0.00
2026-01-19 13:13:50,860 - DEBUG -   Line  52: 8.00
2026-01-19 13:13:50,861 - DEBUG -   Line  53: 2
2026-01-19 13:13:50,861 - DEBUG -   Line  54: D1RJ6LL
2026-01-19 13:13:50,862 - DEBUG -   Line  55: Planning Analytics
2026-01-19 13:13:50,862 - DEBUG -   Line  56: New
2026-01-19 13:13:50,863 - DEBUG -   Line  57: Annual
2026-01-19 13:13:50,863 - DEBUG -   Line  58: 06/11/2025
2026-01-19 13:13:50,864 - DEBUG -   Line  59: 30/11/2028
2026-01-19 13:13:50,864 - DEBUG -   Line  60: 2.00
2026-01-19 13:13:50,864 - DEBUG -   Line  61: 8,676.00
2026-01-19 13:13:50,865 - DEBUG -   Line  62: 17,352.00
2026-01-19 13:13:50,866 - DEBUG -   Line  63: 44.24
2026-01-19 13:13:50,866 - DEBUG -   Line  64: 4,837.51
2026-01-19 13:13:50,866 - DEBUG -   Line  65: 9,675.02
2026-01-19 13:13:50,866 - DEBUG -   Line  66: 8.00
2026-01-19 13:13:50,867 - DEBUG -   Line  67: 3
2026-01-19 13:13:50,867 - DEBUG -   Line  68: D1RJ8LL
2026-01-19 13:13:50,867 - DEBUG -   Line  69: Planning Analytics
2026-01-19 13:13:50,868 - DEBUG -   Line  70: New
2026-01-19 13:13:50,868 - DEBUG -   Line  71: Annual
2026-01-19 13:13:50,869 - DEBUG -   Line  72: 06/11/2025
2026-01-19 13:13:50,869 - DEBUG -   Line  73: 30/11/2028
2026-01-19 13:13:50,869 - DEBUG -   Line  74: 48.00
2026-01-19 13:13:50,869 - DEBUG -   Line  75: 5,796.00
2026-01-19 13:13:50,870 - DEBUG -   Line  76: 278,208.00
2026-01-19 13:13:50,870 - DEBUG -   Line  77: 44.24
2026-01-19 13:13:50,870 - DEBUG -   Line  78: 3,231.70
2026-01-19 13:13:50,870 - DEBUG -   Line  79: 155,121.60
2026-01-19 13:13:50,871 - DEBUG -   Line  80: 8.00
2026-01-19 13:13:50,871 - DEBUG -   Line  81: 4
2026-01-19 13:13:50,872 - DEBUG -   Line  82: D0LW2ZX
2026-01-19 13:13:50,872 - DEBUG -   Line  83: Planning Analytics
2026-01-19 13:13:50,873 - DEBUG -   Line  84: New
2026-01-19 13:13:50,873 - DEBUG -   Line  85: Annual
2026-01-19 13:13:50,874 - DEBUG -   Line  86: 06/11/2025
2026-01-19 13:13:50,874 - DEBUG -   Line  87: 30/11/2028
2026-01-19 13:13:50,875 - DEBUG -   Line  88: 5.00
2026-01-19 13:13:50,875 - DEBUG -   Line  89: 1,155.60
2026-01-19 13:13:50,876 - DEBUG -   Line  90: 5,778.00
2026-01-19 13:13:50,877 - DEBUG -   Line  91: 44.24
2026-01-19 13:13:50,877 - DEBUG -   Line  92: 644.34
2026-01-19 13:13:50,877 - DEBUG -   Line  93: 3,221.70
2026-01-19 13:13:50,878 - DEBUG -   Line  94: 8.00
2026-01-19 13:13:50,879 - DEBUG -   Line  95: 5
2026-01-19 13:13:50,879 - DEBUG -   Line  96: D22RMLL
2026-01-19 13:13:50,880 - DEBUG -   Line  97: Planning Analytics
2026-01-19 13:13:50,880 - DEBUG -   Line  98: New
2026-01-19 13:13:50,880 - DEBUG -   Line  99: Annual
2026-01-19 13:13:50,881 - DEBUG - 
Searching for table start marker...
2026-01-19 13:13:50,881 - DEBUG -   Found table start at line 23: 'Subscription Quotation'
2026-01-19 13:13:50,883 - DEBUG - 
Searching for header line...
2026-01-19 13:13:50,883 - DEBUG -   ERROR: Could not find header line with 'PART NUMBER' and 'COVERAGE'
2026-01-19 13:13:50,883 - DEBUG - ================================================================================

2026-01-19 13:13:54,140 - DEBUG - ================================================================================
2026-01-19 13:13:54,141 - DEBUG - MIBB HEADER EXTRACTION STARTED
2026-01-19 13:13:54,141 - DEBUG - ================================================================================
2026-01-19 13:13:54,143 - DEBUG - PDF opened successfully: 5 pages
2026-01-19 13:13:54,153 - DEBUG - Page 1: Extracted 25 lines
2026-01-19 13:13:54,161 - DEBUG - Page 2: Extracted 116 lines
2026-01-19 13:13:54,167 - DEBUG - Page 3: Extracted 102 lines
2026-01-19 13:13:54,180 - DEBUG - Page 4: Extracted 33 lines
2026-01-19 13:13:54,188 - DEBUG - Page 5: Extracted 36 lines
2026-01-19 13:13:54,189 - DEBUG - Total lines extracted: 312
2026-01-19 13:13:54,189 - DEBUG - 
First 50 lines of PDF:
2026-01-19 13:13:54,190 - DEBUG -   Line   0: Page 1 of 5
2026-01-19 13:13:54,190 - DEBUG -   Line   1: Customer Information
2026-01-19 13:13:54,190 - DEBUG -   Line   2: Customer Name: Orange Botswana [Pty] Ltd
2026-01-19 13:13:54,191 - DEBUG -   Line   3: Address: Botswana
2026-01-19 13:13:54,191 - DEBUG -   Line   4: City: Gaborone
2026-01-19 13:13:54,191 - DEBUG -   Line   5: Country: Botswana
2026-01-19 13:13:54,192 - DEBUG -   Line   6: Government Entity (GOE): No
2026-01-19 13:13:54,192 - DEBUG -   Line   7: Bid Request Information
2026-01-19 13:13:54,193 - DEBUG -   Line   8: Bid Number: 00358346
2026-01-19 13:13:54,193 - DEBUG -   Line   9: Bid Effective Date: 2025-11-21
2026-01-19 13:13:54,193 - DEBUG -   Line  10: Bid Expiration Date: 2025-12-31
2026-01-19 13:13:54,193 - DEBUG -   Line  11: Date Bid Sent: 2025-11-21
2026-01-19 13:13:54,194 - DEBUG -   Line  12: Distributor Name: Mindware FZ LLC
2026-01-19 13:13:54,194 - DEBUG -   Line  13: Reseller Name: CUBEWISE AFRICA SN SAS
2026-01-19 13:13:54,194 - DEBUG -   Line  14: Business Partner of Record: No
2026-01-19 13:13:54,194 - DEBUG -   Line  15: Opportunity Owner: Ted Ochola
2026-01-19 13:13:54,195 - DEBUG -   Line  16: Currency: USD
2026-01-19 13:13:54,195 - DEBUG -   Line  17: Payment Terms: 30 days
2026-01-19 13:13:54,195 - DEBUG -   Line  18: Site ID:
2026-01-19 13:13:54,196 - DEBUG -   Line  19: MIBB INTERNATIONAL FZ-LLC
2026-01-19 13:13:54,196 - DEBUG -   Line  20: MIBB INTERNATIONAL FZ-LLC
2026-01-19 13:13:54,197 - DEBUG -   Line  21: Office Park Block D
2026-01-19 13:13:54,197 - DEBUG -   Line  22: Dubai Internet City
2026-01-19 13:13:54,197 - DEBUG -   Line  23: Dubai, UAE
2026-01-19 13:13:54,197 - DEBUG -   Line  24: VAT: Reg no :104336463500001
2026-01-19 13:13:54,198 - DEBUG -   Line  25: Page 2 of 5
2026-01-19 13:13:54,198 - DEBUG -   Line  26: Overage Quotation
2026-01-19 13:13:54,198 - DEBUG -   Line  27: #
2026-01-19 13:13:54,199 - DEBUG -   Line  28: Part Number
2026-01-19 13:13:54,199 - DEBUG -   Line  29: Description
2026-01-19 13:13:54,199 - DEBUG -   Line  30: Customer Unit Price
2026-01-19 13:13:54,200 - DEBUG -   Line  31: Quantity
2026-01-19 13:13:54,200 - DEBUG -   Line  32: Quote Rate
2026-01-19 13:13:54,200 - DEBUG -   Line  33: Quote Unit Price
2026-01-19 13:13:54,201 - DEBUG -   Line  34: 1
2026-01-19 13:13:54,201 - DEBUG -   Line  35: D1RJ7LL
2026-01-19 13:13:54,202 - DEBUG -   Line  36: Planning Analytics
2026-01-19 13:13:54,202 - DEBUG -   Line  37: 314.00
2026-01-19 13:13:54,202 - DEBUG -   Line  38: N/A
2026-01-19 13:13:54,203 - DEBUG -   Line  39: 314.00
2026-01-19 13:13:54,204 - DEBUG -   Line  40: 314.00
2026-01-19 13:13:54,204 - DEBUG -   Line  41: 2
2026-01-19 13:13:54,204 - DEBUG -   Line  42: D1RJ9LL
2026-01-19 13:13:54,204 - DEBUG -   Line  43: Planning Analytics
2026-01-19 13:13:54,205 - DEBUG -   Line  44: 209.00
2026-01-19 13:13:54,205 - DEBUG -   Line  45: N/A
2026-01-19 13:13:54,205 - DEBUG -   Line  46: 209.00
2026-01-19 13:13:54,206 - DEBUG -   Line  47: 209.00
2026-01-19 13:13:54,206 - DEBUG -   Line  48: Subscription Quotation
2026-01-19 13:13:54,207 - DEBUG -   Line  49: Parts Information
2026-01-19 13:13:54,207 - DEBUG - 
Parsing header information...
2026-01-19 13:13:54,208 - DEBUG -   [Line 2] Customer Name: 'Address: Botswana'
2026-01-19 13:13:54,208 - DEBUG -   [Line 4] City: 'Country: Botswana'
2026-01-19 13:13:54,208 - DEBUG -   [Line 5] Country: 'Government Entity (GOE): No'
2026-01-19 13:13:54,209 - DEBUG -   [Line 6] Government Entity (GOE): 'Bid Request Information'
2026-01-19 13:13:54,209 - DEBUG -   [Line 8] Bid Number: 'Bid Effective Date: 2025-11-21'
2026-01-19 13:13:54,209 - DEBUG -   [Line 10] Bid Expiration Date: 'Date Bid Sent: 2025-11-21'
2026-01-19 13:13:54,210 - DEBUG -   [Line 13] Reseller Name: 'Business Partner of Record: No'
2026-01-19 13:13:54,211 - DEBUG - 
Header extraction complete: 7 fields found
2026-01-19 13:13:54,211 - DEBUG - 
Extracted header information:
2026-01-19 13:13:54,212 - DEBUG -   Customer Name                      : Address: Botswana
2026-01-19 13:13:54,212 - DEBUG -   Bid Number                         : Bid Effective Date: 2025-11-21
2026-01-19 13:13:54,212 - DEBUG -   PA Agreement Number                : 
2026-01-19 13:13:54,213 - DEBUG -   PA Site Number                     : 
2026-01-19 13:13:54,213 - DEBUG -   Select Territory                   : 
2026-01-19 13:13:54,213 - DEBUG -   Government Entity (GOE)            : Bid Request Information
2026-01-19 13:13:54,214 - DEBUG -   Reseller Name                      : Business Partner of Record: No
2026-01-19 13:13:54,214 - DEBUG -   City                               : Country: Botswana
2026-01-19 13:13:54,215 - DEBUG -   Country                            : Government Entity (GOE): No
2026-01-19 13:13:54,215 - DEBUG -   Maximum End User Price (MEP)       : 
2026-01-19 13:13:54,215 - DEBUG -   Total Value Seller Revenue Opportunity: 
2026-01-19 13:13:54,215 - DEBUG -   Bid Expiration Date                : Date Bid Sent: 2025-11-21
2026-01-19 13:13:54,216 - DEBUG - ================================================================================

2026-01-19 13:13:54,216 - DEBUG - ================================================================================
2026-01-19 13:13:54,217 - DEBUG - MIBB TABLE EXTRACTION STARTED
2026-01-19 13:13:54,217 - DEBUG - ================================================================================
2026-01-19 13:13:54,218 - DEBUG - PDF opened for table extraction: 5 pages
2026-01-19 13:13:54,234 - DEBUG - [PAGE SCAN] Candidate page 2: marker_score=2, header_score=6
2026-01-19 13:13:54,259 - DEBUG - [PAGE SELECT] Using page 2 (marker_score=2, header_score=6)
2026-01-19 13:13:54,260 - DEBUG - 
[STRATEGY 1] Attempting PyMuPDF table detection on page 2...
2026-01-19 13:13:54,645 - DEBUG - [STRATEGY 1 FAILED] PyMuPDF table detection error: object of type 'TableFinder' has no len()
2026-01-19 13:13:54,645 - DEBUG - Falling back to text-based extraction...
2026-01-19 13:13:54,646 - DEBUG - 
[STRATEGY 2] Text-based extraction (fallback) on page 2...
2026-01-19 13:13:54,652 - DEBUG - Extracted 116 lines from page 2 text
2026-01-19 13:13:54,652 - DEBUG - 
First 100 lines of page 2:
2026-01-19 13:13:54,654 - DEBUG -   Line   0: Page 2 of 5
2026-01-19 13:13:54,654 - DEBUG -   Line   1: Overage Quotation
2026-01-19 13:13:54,654 - DEBUG -   Line   2: #
2026-01-19 13:13:54,655 - DEBUG -   Line   3: Part Number
2026-01-19 13:13:54,655 - DEBUG -   Line   4: Description
2026-01-19 13:13:54,657 - DEBUG -   Line   5: Customer Unit Price
2026-01-19 13:13:54,657 - DEBUG -   Line   6: Quantity
2026-01-19 13:13:54,657 - DEBUG -   Line   7: Quote Rate
2026-01-19 13:13:54,658 - DEBUG -   Line   8: Quote Unit Price
2026-01-19 13:13:54,658 - DEBUG -   Line   9: 1
2026-01-19 13:13:54,658 - DEBUG -   Line  10: D1RJ7LL
2026-01-19 13:13:54,659 - DEBUG -   Line  11: Planning Analytics
2026-01-19 13:13:54,661 - DEBUG -   Line  12: 314.00
2026-01-19 13:13:54,661 - DEBUG -   Line  13: N/A
2026-01-19 13:13:54,661 - DEBUG -   Line  14: 314.00
2026-01-19 13:13:54,662 - DEBUG -   Line  15: 314.00
2026-01-19 13:13:54,662 - DEBUG -   Line  16: 2
2026-01-19 13:13:54,662 - DEBUG -   Line  17: D1RJ9LL
2026-01-19 13:13:54,663 - DEBUG -   Line  18: Planning Analytics
2026-01-19 13:13:54,663 - DEBUG -   Line  19: 209.00
2026-01-19 13:13:54,663 - DEBUG -   Line  20: N/A
2026-01-19 13:13:54,664 - DEBUG -   Line  21: 209.00
2026-01-19 13:13:54,664 - DEBUG -   Line  22: 209.00
2026-01-19 13:13:54,666 - DEBUG -   Line  23: Subscription Quotation
2026-01-19 13:13:54,667 - DEBUG -   Line  24: Parts Information
2026-01-19 13:13:54,667 - DEBUG -   Line  25: #
2026-01-19 13:13:54,667 - DEBUG -   Line  26: Part Number
2026-01-19 13:13:54,668 - DEBUG -   Line  27: Description
2026-01-19 13:13:54,668 - DEBUG -   Line  28: Transaction Type
2026-01-19 13:13:54,668 - DEBUG -   Line  29: Billing
2026-01-19 13:13:54,668 - DEBUG -   Line  30: Points
2026-01-19 13:13:54,669 - DEBUG -   Line  31: Coverage Start
2026-01-19 13:13:54,669 - DEBUG -   Line  32: Coverage End
2026-01-19 13:13:54,670 - DEBUG -   Line  33: Quantity
2026-01-19 13:13:54,670 - DEBUG -   Line  34: Entitled Unit Entitled Extended
2026-01-19 13:13:54,670 - DEBUG -   Line  35: Discount%
2026-01-19 13:13:54,671 - DEBUG -   Line  36: Bid Unit SVP Bid Ext SVP
2026-01-19 13:13:54,671 - DEBUG -   Line  37: Channel
2026-01-19 13:13:54,671 - DEBUG -   Line  38: Margin
2026-01-19 13:13:54,672 - DEBUG -   Line  39: 1
2026-01-19 13:13:54,672 - DEBUG -   Line  40: D11C4LL
2026-01-19 13:13:54,672 - DEBUG -   Line  41: Planning Analytics
2026-01-19 13:13:54,673 - DEBUG -   Line  42: New
2026-01-19 13:13:54,673 - DEBUG -   Line  43: Upfront
2026-01-19 13:13:54,673 - DEBUG -   Line  44: 06/11/2025
2026-01-19 13:13:54,674 - DEBUG -   Line  45: 30/11/2028
2026-01-19 13:13:54,674 - DEBUG -   Line  46: 1.00
2026-01-19 13:13:54,674 - DEBUG -   Line  47: 0.00
2026-01-19 13:13:54,675 - DEBUG -   Line  48: 0.00
2026-01-19 13:13:54,675 - DEBUG -   Line  49: 0.00
2026-01-19 13:13:54,676 - DEBUG -   Line  50: 0.00
2026-01-19 13:13:54,677 - DEBUG -   Line  51: 0.00
2026-01-19 13:13:54,678 - DEBUG -   Line  52: 8.00
2026-01-19 13:13:54,678 - DEBUG -   Line  53: 2
2026-01-19 13:13:54,679 - DEBUG -   Line  54: D1RJ6LL
2026-01-19 13:13:54,679 - DEBUG -   Line  55: Planning Analytics
2026-01-19 13:13:54,680 - DEBUG -   Line  56: New
2026-01-19 13:13:54,680 - DEBUG -   Line  57: Annual
2026-01-19 13:13:54,681 - DEBUG -   Line  58: 06/11/2025
2026-01-19 13:13:54,683 - DEBUG -   Line  59: 30/11/2028
2026-01-19 13:13:54,684 - DEBUG -   Line  60: 2.00
2026-01-19 13:13:54,684 - DEBUG -   Line  61: 8,676.00
2026-01-19 13:13:54,685 - DEBUG -   Line  62: 17,352.00
2026-01-19 13:13:54,686 - DEBUG -   Line  63: 44.24
2026-01-19 13:13:54,687 - DEBUG -   Line  64: 4,837.51
2026-01-19 13:13:54,688 - DEBUG -   Line  65: 9,675.02
2026-01-19 13:13:54,688 - DEBUG -   Line  66: 8.00
2026-01-19 13:13:54,690 - DEBUG -   Line  67: 3
2026-01-19 13:13:54,692 - DEBUG -   Line  68: D1RJ8LL
2026-01-19 13:13:54,693 - DEBUG -   Line  69: Planning Analytics
2026-01-19 13:13:54,693 - DEBUG -   Line  70: New
2026-01-19 13:13:54,694 - DEBUG -   Line  71: Annual
2026-01-19 13:13:54,694 - DEBUG -   Line  72: 06/11/2025
2026-01-19 13:13:54,694 - DEBUG -   Line  73: 30/11/2028
2026-01-19 13:13:54,695 - DEBUG -   Line  74: 48.00
2026-01-19 13:13:54,695 - DEBUG -   Line  75: 5,796.00
2026-01-19 13:13:54,696 - DEBUG -   Line  76: 278,208.00
2026-01-19 13:13:54,696 - DEBUG -   Line  77: 44.24
2026-01-19 13:13:54,696 - DEBUG -   Line  78: 3,231.70
2026-01-19 13:13:54,697 - DEBUG -   Line  79: 155,121.60
2026-01-19 13:13:54,697 - DEBUG -   Line  80: 8.00
2026-01-19 13:13:54,698 - DEBUG -   Line  81: 4
2026-01-19 13:13:54,700 - DEBUG -   Line  82: D0LW2ZX
2026-01-19 13:13:54,701 - DEBUG -   Line  83: Planning Analytics
2026-01-19 13:13:54,701 - DEBUG -   Line  84: New
2026-01-19 13:13:54,701 - DEBUG -   Line  85: Annual
2026-01-19 13:13:54,702 - DEBUG -   Line  86: 06/11/2025
2026-01-19 13:13:54,702 - DEBUG -   Line  87: 30/11/2028
2026-01-19 13:13:54,702 - DEBUG -   Line  88: 5.00
2026-01-19 13:13:54,703 - DEBUG -   Line  89: 1,155.60
2026-01-19 13:13:54,703 - DEBUG -   Line  90: 5,778.00
2026-01-19 13:13:54,704 - DEBUG -   Line  91: 44.24
2026-01-19 13:13:54,704 - DEBUG -   Line  92: 644.34
2026-01-19 13:13:54,704 - DEBUG -   Line  93: 3,221.70
2026-01-19 13:13:54,705 - DEBUG -   Line  94: 8.00
2026-01-19 13:13:54,705 - DEBUG -   Line  95: 5
2026-01-19 13:13:54,706 - DEBUG -   Line  96: D22RMLL
2026-01-19 13:13:54,706 - DEBUG -   Line  97: Planning Analytics
2026-01-19 13:13:54,707 - DEBUG -   Line  98: New
2026-01-19 13:13:54,707 - DEBUG -   Line  99: Annual
2026-01-19 13:13:54,707 - DEBUG - 
Searching for table start marker...
2026-01-19 13:13:54,709 - DEBUG -   Found table start at line 23: 'Subscription Quotation'
2026-01-19 13:13:54,709 - DEBUG - 
Searching for header line...
2026-01-19 13:13:54,709 - DEBUG -   ERROR: Could not find header line with 'PART NUMBER' and 'COVERAGE'
2026-01-19 13:13:54,710 - DEBUG - ================================================================================

